#
# A fatal error has been detected by the Java Runtime Environment:
#
#  EXCEPTION_ACCESS_VIOLATION (0xc0000005) at pc=0x00000010200f4155, pid=1564, tid=7704
#
# JRE version: Java(TM) SE Runtime Environment (8.0_45-b15) (build 1.8.0_45-b15)
# Java VM: Java HotSpot(TM) 64-Bit Server VM (25.45-b02 mixed mode windows-amd64 compressed oops)
# Problematic frame:
# C  0x00000010200f4155
#
# Failed to write core dump. Minidumps are not enabled by default on client versions of Windows
#
# If you would like to submit a bug report, please visit:
#   http://bugreport.java.com/bugreport/crash.jsp
#

---------------  T H R E A D  ---------------

Current thread (0x0000000014808000):  JavaThread "C1 CompilerThread2" daemon [_thread_in_vm, id=7704, stack(0x0000000015f50000,0x0000000016050000)]

siginfo: ExceptionCode=0xc0000005, ExceptionInformation=0x0000000000000008 0x00000010200f4155

Registers:
RAX=0x0000000014808000, RBX=0x000000001ede8910, RCX=0x000000001ede8910, RDX=0x000000001ede8910
RSP=0x000000001604e248, RBP=0x000000001ce3fc00, RSI=0x000000001ede8910, RDI=0x0000000000000000
R8 =0x00000000f374db60, R9 =0x0000000000000003, R10=0x000000001ce3fe30, R11=0x000000001a871710
R12=0x0000000014808000, R13=0x000000001ce3fc00, R14=0x000000001a877a50, R15=0x0000000000000000
RIP=0x00000010200f4155, EFLAGS=0x0000000000010202

Top of Stack: (sp=0x000000001604e248)
0x000000001604e248:   0000000063da2cfc 00000000189b2898
0x000000001604e258:   0000000063da316e 0000000000000000
0x000000001604e268:   0000000063da785a 000000001a877b00
0x000000001604e278:   0000000063da30ef 000000000000006e
0x000000001604e288:   000000001ce3fc00 000000000000006f
0x000000001604e298:   0000000063da3089 0000000000000014
0x000000001604e2a8:   000000001604e430 0000000000000003
0x000000001604e2b8:   00000000000000b7 00000000000000b7
0x000000001604e2c8:   000000001a877a50 000000001ede8910
0x000000001604e2d8:   0000000063d9a757 00000000000000b7
0x000000001604e2e8:   000000001604e350 000000001a877b00
0x000000001604e2f8:   00000000189b3db8 00000000189b3db8
0x000000001604e308:   0000000063d97f9e 000000001a877b00
0x000000001604e318:   0000000063d9a879 0000000014808000
0x000000001604e328:   000000001a877b00 000000001604e9d0
0x000000001604e338:   0000000064169b61 000000001a877b00 

Instructions: (pc=0x00000010200f4155)
0x00000010200f4135:   
[error occurred during error reporting (printing registers, top of stack, instructions near pc), id 0xc0000005]

Register to memory mapping:

RAX=0x0000000014808000 is a thread
RBX=0x000000001ede8910 is pointing into metadata
RCX=0x000000001ede8910 is pointing into metadata
RDX=0x000000001ede8910 is pointing into metadata
RSP=0x000000001604e248 is pointing into the stack for thread: 0x0000000014808000
RBP=0x000000001ce3fc00 is an unknown value
RSI=0x000000001ede8910 is pointing into metadata
RDI=0x0000000000000000 is an unknown value
R8 =0x00000000f374db60 is an oop
[Lcom.sun.tools.javac.code.Scope$Entry; 
 - klass: 'com/sun/tools/javac/code/Scope$Entry'[]
 - length: 16
R9 =0x0000000000000003 is an unknown value
R10=0x000000001ce3fe30 is an unknown value
R11=0x000000001a871710 is an unknown value
R12=0x0000000014808000 is a thread
R13=0x000000001ce3fc00 is an unknown value
R14=0x000000001a877a50 is an unknown value
R15=0x0000000000000000 is an unknown value


Stack: [0x0000000015f50000,0x0000000016050000],  sp=0x000000001604e248,  free space=1016k
Native frames: (J=compiled Java code, j=interpreted, Vv=VM code, C=native code)
C  0x00000010200f4155


Current CompileTask:
C1:2803805 10647   !   2       com.sun.tools.javac.jvm.ClassReader::complete (127 bytes)


---------------  P R O C E S S  ---------------

Java Threads: ( => current thread )
  0x0000000019843800 JavaThread "Stdin handler" [_thread_blocked, id=8588, stack(0x0000000029810000,0x0000000029910000)]
  0x00000000169b6800 JavaThread "Daemon worker Thread 3" [_thread_in_Java, id=5768, stack(0x0000000029710000,0x0000000029810000)]
  0x00000000169b6000 JavaThread "Cancel handler" [_thread_blocked, id=592, stack(0x0000000029610000,0x0000000029710000)]
  0x00000000169b4800 JavaThread "Handler for socket connection from /127.0.0.1:52370 to /127.0.0.1:52484" [_thread_in_native, id=6180, stack(0x0000000029510000,0x0000000029610000)]
  0x00000000169ba800 JavaThread "Daemon Thread 3" [_thread_blocked, id=5244, stack(0x0000000029410000,0x0000000029510000)]
  0x00000000171df800 JavaThread "File lock request listener" [_thread_in_native, id=7368, stack(0x0000000019070000,0x0000000019170000)]
  0x0000000017355800 JavaThread "Incoming local TCP Connector on port 52370" [_thread_in_native, id=3140, stack(0x0000000016e50000,0x0000000016f50000)]
  0x0000000016076000 JavaThread "Service Thread" daemon [_thread_blocked, id=7156, stack(0x0000000016450000,0x0000000016550000)]
=>0x0000000014808000 JavaThread "C1 CompilerThread2" daemon [_thread_in_vm, id=7704, stack(0x0000000015f50000,0x0000000016050000)]
  0x0000000014801000 JavaThread "C2 CompilerThread1" daemon [_thread_in_native, id=6700, stack(0x0000000015e50000,0x0000000015f50000)]
  0x00000000147fe000 JavaThread "C2 CompilerThread0" daemon [_thread_in_native, id=2700, stack(0x0000000015d50000,0x0000000015e50000)]
  0x00000000147fc800 JavaThread "Attach Listener" daemon [_thread_blocked, id=8920, stack(0x0000000015c50000,0x0000000015d50000)]
  0x00000000147fb800 JavaThread "Signal Dispatcher" daemon [_thread_blocked, id=5960, stack(0x0000000015b50000,0x0000000015c50000)]
  0x0000000000728800 JavaThread "Finalizer" daemon [_thread_blocked, id=236, stack(0x0000000015a50000,0x0000000015b50000)]
  0x0000000000720000 JavaThread "Reference Handler" daemon [_thread_blocked, id=5836, stack(0x0000000015950000,0x0000000015a50000)]
  0x000000000043e000 JavaThread "main" [_thread_blocked, id=8820, stack(0x0000000000900000,0x0000000000a00000)]

Other Threads:
  0x00000000147c7000 VMThread [stack: 0x0000000015850000,0x0000000015950000] [id=7412]
  0x000000001607b000 WatcherThread [stack: 0x0000000016550000,0x0000000016650000] [id=8472]

VM state:not at safepoint (normal execution)

VM Mutex/Monitor currently owned by a thread: None

Heap:
 PSYoungGen      total 174592K, used 148571K [0x00000000eab00000, 0x00000000f8080000, 0x0000000100000000)
  eden space 160768K, 92% used [0x00000000eab00000,0x00000000f3c16f68,0x00000000f4800000)
  from space 13824K, 0% used [0x00000000f7300000,0x00000000f7300000,0x00000000f8080000)
  to   space 25600K, 0% used [0x00000000f4e80000,0x00000000f4e80000,0x00000000f6780000)
 ParOldGen       total 110080K, used 50842K [0x00000000c0000000, 0x00000000c6b80000, 0x00000000eab00000)
  object space 110080K, 46% used [0x00000000c0000000,0x00000000c31a6830,0x00000000c6b80000)
 Metaspace       used 55402K, capacity 58610K, committed 59392K, reserved 1099776K
  class space    used 7454K, capacity 8466K, committed 8704K, reserved 1048576K

Card table byte_map: [0x0000000011850000,0x0000000011a60000] byte_map_base: 0x0000000011250000

Marking Bits: (ParMarkBitMap*) 0x0000000064564040
 Begin Bits: [0x0000000011c60000, 0x0000000012c60000)
 End Bits:   [0x0000000012c60000, 0x0000000013c60000)

Polling page: 0x0000000000420000

CodeCache: size=245760Kb used=32774Kb max_used=32796Kb free=212985Kb
 bounds [0x0000000002490000, 0x00000000044c0000, 0x0000000011490000]
 total_blobs=9456 nmethods=8748 adapters=620
 compilation: enabled

Compilation events (10 events):
Event: 2802.330 Thread 0x0000000014808000 nmethod 10641 0x00000000044ba890 code [0x00000000044baa60, 0x00000000044baeb8]
Event: 2802.335 Thread 0x0000000014808000 10642       2       java.util.EnumSet::<init> (15 bytes)
Event: 2802.336 Thread 0x0000000014808000 nmethod 10642 0x0000000003a1e350 code [0x0000000003a1e4a0, 0x0000000003a1e610]
Event: 2802.338 Thread 0x0000000014808000 10643       2       java.util.EnumSet::noneOf (63 bytes)
Event: 2802.340 Thread 0x0000000014808000 nmethod 10643 0x0000000003bdfb50 code [0x0000000003bdfd20, 0x0000000003be03b8]
Event: 2802.341 Thread 0x0000000014808000 10644       2       java.util.RegularEnumSet::<init> (12 bytes)
Event: 2802.342 Thread 0x0000000014808000 nmethod 10644 0x0000000003c14a50 code [0x0000000003c14ba0, 0x0000000003c14d30]
Event: 2802.350 Thread 0x0000000014808000 10645       2       java.util.EnumSet::copyOf (81 bytes)
Event: 2802.351 Thread 0x0000000014808000 nmethod 10645 0x000000000437fa50 code [0x000000000437fc60, 0x0000000004380128]
Event: 2802.373 Thread 0x0000000014808000 10647   !   2       com.sun.tools.javac.jvm.ClassReader::complete (127 bytes)

GC Heap History (10 events):
Event: 2222.773 GC heap before
{Heap before GC invocations=16 (full 3):
 PSYoungGen      total 192512K, used 171520K [0x00000000eab00000, 0x00000000f8d80000, 0x0000000100000000)
  eden space 171520K, 100% used [0x00000000eab00000,0x00000000f5280000,0x00000000f5280000)
  from space 20992K, 0% used [0x00000000f6d00000,0x00000000f6d00000,0x00000000f8180000)
  to   space 27136K, 0% used [0x00000000f5280000,0x00000000f5280000,0x00000000f6d00000)
 ParOldGen       total 110080K, used 48002K [0x00000000c0000000, 0x00000000c6b80000, 0x00000000eab00000)
  object space 110080K, 43% used [0x00000000c0000000,0x00000000c2ee0878,0x00000000c6b80000)
 Metaspace       used 46114K, capacity 48730K, committed 48896K, reserved 1091584K
  class space    used 6398K, capacity 7303K, committed 7424K, reserved 1048576K
Event: 2222.919 GC heap after
Heap after GC invocations=16 (full 3):
 PSYoungGen      total 198656K, used 6356K [0x00000000eab00000, 0x00000000fa380000, 0x0000000100000000)
  eden space 171520K, 0% used [0x00000000eab00000,0x00000000eab00000,0x00000000f5280000)
  from space 27136K, 23% used [0x00000000f5280000,0x00000000f58b5038,0x00000000f6d00000)
  to   space 26112K, 0% used [0x00000000f8a00000,0x00000000f8a00000,0x00000000fa380000)
 ParOldGen       total 110080K, used 48010K [0x00000000c0000000, 0x00000000c6b80000, 0x00000000eab00000)
  object space 110080K, 43% used [0x00000000c0000000,0x00000000c2ee2878,0x00000000c6b80000)
 Metaspace       used 46114K, capacity 48730K, committed 48896K, reserved 1091584K
  class space    used 6398K, capacity 7303K, committed 7424K, reserved 1048576K
}
Event: 2231.001 GC heap before
{Heap before GC invocations=17 (full 3):
 PSYoungGen      total 198656K, used 177876K [0x00000000eab00000, 0x00000000fa380000, 0x0000000100000000)
  eden space 171520K, 100% used [0x00000000eab00000,0x00000000f5280000,0x00000000f5280000)
  from space 27136K, 23% used [0x00000000f5280000,0x00000000f58b5038,0x00000000f6d00000)
  to   space 26112K, 0% used [0x00000000f8a00000,0x00000000f8a00000,0x00000000fa380000)
 ParOldGen       total 110080K, used 48010K [0x00000000c0000000, 0x00000000c6b80000, 0x00000000eab00000)
  object space 110080K, 43% used [0x00000000c0000000,0x00000000c2ee2878,0x00000000c6b80000)
 Metaspace       used 49229K, capacity 52324K, committed 52480K, reserved 1093632K
  class space    used 6853K, capacity 7821K, committed 7936K, reserved 1048576K
Event: 2231.042 GC heap after
Heap after GC invocations=17 (full 3):
 PSYoungGen      total 176640K, used 10325K [0x00000000eab00000, 0x00000000f9480000, 0x0000000100000000)
  eden space 165888K, 0% used [0x00000000eab00000,0x00000000eab00000,0x00000000f4d00000)
  from space 10752K, 96% used [0x00000000f8a00000,0x00000000f94157f8,0x00000000f9480000)
  to   space 25088K, 0% used [0x00000000f6380000,0x00000000f6380000,0x00000000f7c00000)
 ParOldGen       total 110080K, used 48018K [0x00000000c0000000, 0x00000000c6b80000, 0x00000000eab00000)
  object space 110080K, 43% used [0x00000000c0000000,0x00000000c2ee4878,0x00000000c6b80000)
 Metaspace       used 49229K, capacity 52324K, committed 52480K, reserved 1093632K
  class space    used 6853K, capacity 7821K, committed 7936K, reserved 1048576K
}
Event: 2317.669 GC heap before
{Heap before GC invocations=18 (full 3):
 PSYoungGen      total 176640K, used 176213K [0x00000000eab00000, 0x00000000f9480000, 0x0000000100000000)
  eden space 165888K, 100% used [0x00000000eab00000,0x00000000f4d00000,0x00000000f4d00000)
  from space 10752K, 96% used [0x00000000f8a00000,0x00000000f94157f8,0x00000000f9480000)
  to   space 25088K, 0% used [0x00000000f6380000,0x00000000f6380000,0x00000000f7c00000)
 ParOldGen       total 110080K, used 48018K [0x00000000c0000000, 0x00000000c6b80000, 0x00000000eab00000)
  object space 110080K, 43% used [0x00000000c0000000,0x00000000c2ee4878,0x00000000c6b80000)
 Metaspace       used 54020K, capacity 57242K, committed 57344K, reserved 1097728K
  class space    used 7348K, capacity 8412K, committed 8448K, reserved 1048576K
Event: 2317.782 GC heap after
Heap after GC invocations=18 (full 3):
 PSYoungGen      total 176640K, used 15521K [0x00000000eab00000, 0x00000000f8a80000, 0x0000000100000000)
  eden space 160768K, 0% used [0x00000000eab00000,0x00000000eab00000,0x00000000f4800000)
  from space 15872K, 97% used [0x00000000f6380000,0x00000000f72a85b8,0x00000000f7300000)
  to   space 24064K, 0% used [0x00000000f7300000,0x00000000f7300000,0x00000000f8a80000)
 ParOldGen       total 110080K, used 48026K [0x00000000c0000000, 0x00000000c6b80000, 0x00000000eab00000)
  object space 110080K, 43% used [0x00000000c0000000,0x00000000c2ee6878,0x00000000c6b80000)
 Metaspace       used 54020K, capacity 57242K, committed 57344K, reserved 1097728K
  class space    used 7348K, capacity 8412K, committed 8448K, reserved 1048576K
}
Event: 2388.091 GC heap before
{Heap before GC invocations=19 (full 3):
 PSYoungGen      total 176640K, used 76087K [0x00000000eab00000, 0x00000000f8a80000, 0x0000000100000000)
  eden space 160768K, 37% used [0x00000000eab00000,0x00000000ee625988,0x00000000f4800000)
  from space 15872K, 97% used [0x00000000f6380000,0x00000000f72a85b8,0x00000000f7300000)
  to   space 24064K, 0% used [0x00000000f7300000,0x00000000f7300000,0x00000000f8a80000)
 ParOldGen       total 110080K, used 48026K [0x00000000c0000000, 0x00000000c6b80000, 0x00000000eab00000)
  object space 110080K, 43% used [0x00000000c0000000,0x00000000c2ee6878,0x00000000c6b80000)
 Metaspace       used 55753K, capacity 59030K, committed 59136K, reserved 1099776K
  class space    used 7566K, capacity 8642K, committed 8704K, reserved 1048576K
Event: 2388.150 GC heap after
Heap after GC invocations=19 (full 3):
 PSYoungGen      total 174592K, used 13740K [0x00000000eab00000, 0x00000000f8080000, 0x0000000100000000)
  eden space 160768K, 0% used [0x00000000eab00000,0x00000000eab00000,0x00000000f4800000)
  from space 13824K, 99% used [0x00000000f7300000,0x00000000f806b2e0,0x00000000f8080000)
  to   space 25600K, 0% used [0x00000000f4e80000,0x00000000f4e80000,0x00000000f6780000)
 ParOldGen       total 110080K, used 48034K [0x00000000c0000000, 0x00000000c6b80000, 0x00000000eab00000)
  object space 110080K, 43% used [0x00000000c0000000,0x00000000c2ee8878,0x00000000c6b80000)
 Metaspace       used 55753K, capacity 59030K, committed 59136K, reserved 1099776K
  class space    used 7566K, capacity 8642K, committed 8704K, reserved 1048576K
}
Event: 2388.150 GC heap before
{Heap before GC invocations=20 (full 4):
 PSYoungGen      total 174592K, used 13740K [0x00000000eab00000, 0x00000000f8080000, 0x0000000100000000)
  eden space 160768K, 0% used [0x00000000eab00000,0x00000000eab00000,0x00000000f4800000)
  from space 13824K, 99% used [0x00000000f7300000,0x00000000f806b2e0,0x00000000f8080000)
  to   space 25600K, 0% used [0x00000000f4e80000,0x00000000f4e80000,0x00000000f6780000)
 ParOldGen       total 110080K, used 48034K [0x00000000c0000000, 0x00000000c6b80000, 0x00000000eab00000)
  object space 110080K, 43% used [0x00000000c0000000,0x00000000c2ee8878,0x00000000c6b80000)
 Metaspace       used 55753K, capacity 59030K, committed 59136K, reserved 1099776K
  class space    used 7566K, capacity 8642K, committed 8704K, reserved 1048576K
Event: 2388.941 GC heap after
Heap after GC invocations=20 (full 4):
 PSYoungGen      total 174592K, used 0K [0x00000000eab00000, 0x00000000f8080000, 0x0000000100000000)
  eden space 160768K, 0% used [0x00000000eab00000,0x00000000eab00000,0x00000000f4800000)
  from space 13824K, 0% used [0x00000000f7300000,0x00000000f7300000,0x00000000f8080000)
  to   space 25600K, 0% used [0x00000000f4e80000,0x00000000f4e80000,0x00000000f6780000)
 ParOldGen       total 110080K, used 50842K [0x00000000c0000000, 0x00000000c6b80000, 0x00000000eab00000)
  object space 110080K, 46% used [0x00000000c0000000,0x00000000c31a6830,0x00000000c6b80000)
 Metaspace       used 54856K, capacity 57684K, committed 59136K, reserved 1099776K
  class space    used 7388K, capacity 8329K, committed 8704K, reserved 1048576K
}

Deoptimization events (10 events):
Event: 2796.680 Thread 0x00000000169b6800 Uncommon trap: reason=null_check action=make_not_entrant pc=0x00000000036474cc method=java.lang.Class.reflectionData()Ljava/lang/Class$ReflectionData; @ 24
Event: 2796.689 Thread 0x00000000169b6800 Uncommon trap: reason=unstable_if action=reinterpret pc=0x000000000367fcb0 method=org.codehaus.groovy.util.LazyReference.get()Ljava/lang/Object; @ 33
Event: 2796.690 Thread 0x00000000169b6800 Uncommon trap: reason=unstable_if action=reinterpret pc=0x000000000365e0a8 method=org.codehaus.groovy.util.LazyReference.get()Ljava/lang/Object; @ 33
Event: 2801.172 Thread 0x00000000169b6800 Uncommon trap: reason=unstable_if action=reinterpret pc=0x0000000004417308 method=java.util.Arrays.equals([B[B)Z @ 2
Event: 2801.933 Thread 0x00000000169b6800 Uncommon trap: reason=unstable_if action=reinterpret pc=0x00000000041c49b8 method=java.util.EnumSet.noneOf(Ljava/lang/Class;)Ljava/util/EnumSet; @ 40
Event: 2801.934 Thread 0x00000000169b6800 Uncommon trap: reason=unstable_if action=reinterpret pc=0x0000000003e07754 method=com.sun.tools.javac.file.Locations.lazy()V @ 4
Event: 2801.934 Thread 0x00000000169b6800 Uncommon trap: reason=unstable_if action=reinterpret pc=0x0000000003df1594 method=java.util.RegularEnumSet.contains(Ljava/lang/Object;)Z @ 16
Event: 2802.012 Thread 0x00000000169b6800 Uncommon trap: reason=unstable_if action=reinterpret pc=0x0000000003d522c8 method=com.sun.tools.javac.util.Position$LineMapImpl.build([CI)V @ 102
Event: 2802.039 Thread 0x00000000169b6800 Uncommon trap: reason=unstable_if action=reinterpret pc=0x0000000003d3d68c method=com.sun.tools.javac.parser.JavaTokenizer.readToken()Lcom/sun/tools/javac/parser/Tokens$Token; @ 548
Event: 2802.260 Thread 0x00000000169b6800 Uncommon trap: reason=unstable_if action=reinterpret pc=0x0000000003e079ac method=com.sun.tools.javac.file.ZipFileIndex.isUpToDate()Z @ 32

Internal exceptions (10 events):
Event: 2795.742 Thread 0x00000000169b6800 Implicit null exception at 0x000000000348c353 to 0x000000000348cc31
Event: 2795.742 Thread 0x00000000169b6800 Implicit null exception at 0x00000000031242c2 to 0x0000000003124839
Event: 2795.982 Thread 0x00000000169b4800 Exception <a 'java/lang/NoSuchMethodError': <clinit>> (0x00000000eb026b58) thrown at [C:\re\workspace\8-2-build-windows-amd64-cygwin\jdk8u45\3627\hotspot\src\share\vm\prims\jni.cpp, line 1598]
Event: 2795.983 Thread 0x00000000169b4800 Exception <a 'java/lang/NoSuchMethodError': <clinit>> (0x00000000eb02dc28) thrown at [C:\re\workspace\8-2-build-windows-amd64-cygwin\jdk8u45\3627\hotspot\src\share\vm\prims\jni.cpp, line 1598]
Event: 2796.443 Thread 0x00000000169b6800 Exception <a 'java/lang/ClassNotFoundException': asLocalRepo5_1obvznj3gin6eerodn9308v9BeanInfo> (0x00000000eb2e8bb0) thrown at [C:\re\workspace\8-2-build-windows-amd64-cygwin\jdk8u45\3627\hotspot\src\share\vm\classfile\systemDictionary.cpp, line 210]
Event: 2796.444 Thread 0x00000000169b6800 Exception <a 'java/lang/ClassNotFoundException': asLocalRepo5_1obvznj3gin6eerodn9308v9Customizer> (0x00000000eb2f1648) thrown at [C:\re\workspace\8-2-build-windows-amd64-cygwin\jdk8u45\3627\hotspot\src\share\vm\classfile\systemDictionary.cpp, line 210]
Event: 2796.680 Thread 0x00000000169b6800 Implicit null exception at 0x000000000363fc2a to 0x00000000036474b5
Event: 2801.992 Thread 0x00000000169b6800 Exception <a 'java/security/PrivilegedActionException'> (0x00000000f1da7440) thrown at [C:\re\workspace\8-2-build-windows-amd64-cygwin\jdk8u45\3627\hotspot\src\share\vm\prims\jvm.cpp, line 1382]
Event: 2801.992 Thread 0x00000000169b6800 Exception <a 'java/security/PrivilegedActionException'> (0x00000000f1da7aa8) thrown at [C:\re\workspace\8-2-build-windows-amd64-cygwin\jdk8u45\3627\hotspot\src\share\vm\prims\jvm.cpp, line 1382]
Event: 2802.260 Thread 0x00000000169b6800 Exception <a 'java/io/FileNotFoundException'> (0x00000000f320caf8) thrown at [C:\re\workspace\8-2-build-windows-amd64-cygwin\jdk8u45\3627\hotspot\src\share\vm\prims\jni.cpp, line 709]

Events (10 events):
Event: 2802.265 Thread 0x0000000014808000 flushing nmethod 0x000000000259dd50
Event: 2802.275 Thread 0x0000000014808000 flushing nmethod 0x000000000281b490
Event: 2802.309 Thread 0x0000000014808000 flushing nmethod 0x0000000003082390
Event: 2802.316 Thread 0x0000000014808000 flushing nmethod 0x0000000003670250
Event: 2802.316 Thread 0x0000000014808000 flushing nmethod 0x00000000036d4350
Event: 2802.327 Thread 0x0000000014808000 flushing nmethod 0x0000000003a1e350
Event: 2802.330 Thread 0x0000000014808000 flushing nmethod 0x0000000003bd2c50
Event: 2802.330 Thread 0x0000000014808000 flushing nmethod 0x0000000003c14850
Event: 2802.343 Thread 0x0000000014808000 flushing nmethod 0x000000000437d250
Event: 2802.343 Thread 0x0000000014808000 flushing nmethod 0x000000000437f6d0


Dynamic libraries:
0x00007ff6cb410000 - 0x00007ff6cb447000 	C:\Program Files\Java\jdk1.8.0_45\bin\java.exe
0x00007ff8ff100000 - 0x00007ff8ff2c1000 	C:\WINDOWS\SYSTEM32\ntdll.dll
0x00007ff8fee20000 - 0x00007ff8feecd000 	C:\WINDOWS\system32\KERNEL32.DLL
0x00007ff8fbf80000 - 0x00007ff8fc168000 	C:\WINDOWS\system32\KERNELBASE.dll
0x00007ff8fd060000 - 0x00007ff8fd107000 	C:\WINDOWS\system32\ADVAPI32.dll
0x00007ff8fc610000 - 0x00007ff8fc6ad000 	C:\WINDOWS\system32\msvcrt.dll
0x00007ff8fc9f0000 - 0x00007ff8fca4b000 	C:\WINDOWS\system32\sechost.dll
0x00007ff8fc8c0000 - 0x00007ff8fc9dc000 	C:\WINDOWS\system32\RPCRT4.dll
0x00007ff8fcea0000 - 0x00007ff8fcff6000 	C:\WINDOWS\system32\USER32.dll
0x00007ff8fc730000 - 0x00007ff8fc8b6000 	C:\WINDOWS\system32\GDI32.dll
0x00007ff8f2090000 - 0x00007ff8f2304000 	C:\WINDOWS\WinSxS\amd64_microsoft.windows.common-controls_6595b64144ccf1df_6.0.10586.0_none_8c15ae12515e1c22\COMCTL32.dll
0x00007ff8fe870000 - 0x00007ff8feaed000 	C:\WINDOWS\system32\combase.dll
0x00007ff8fbeb0000 - 0x00007ff8fbf1a000 	C:\WINDOWS\system32\bcryptPrimitives.dll
0x00007ff8fd110000 - 0x00007ff8fd14b000 	C:\WINDOWS\system32\IMM32.DLL
0x00007ff8eddd0000 - 0x00007ff8ede61000 	C:\Program Files (x86)\AVG\AVG2015\avghooka.dll
0x00000000645f0000 - 0x00000000646c2000 	C:\Program Files\Java\jdk1.8.0_45\jre\bin\msvcr100.dll
0x0000000063d60000 - 0x00000000645e3000 	C:\Program Files\Java\jdk1.8.0_45\jre\bin\server\jvm.dll
0x00007ff8feed0000 - 0x00007ff8feed8000 	C:\WINDOWS\system32\PSAPI.DLL
0x00007ff8f01b0000 - 0x00007ff8f01b9000 	C:\WINDOWS\SYSTEM32\WSOCK32.dll
0x00007ff8fc6b0000 - 0x00007ff8fc71b000 	C:\WINDOWS\system32\WS2_32.dll
0x00007ff8f9770000 - 0x00007ff8f9793000 	C:\WINDOWS\SYSTEM32\WINMM.dll
0x00007ff8f6c30000 - 0x00007ff8f6c3a000 	C:\WINDOWS\SYSTEM32\VERSION.dll
0x00007ff8f9740000 - 0x00007ff8f976c000 	C:\WINDOWS\SYSTEM32\WINMMBASE.dll
0x00007ff8fc200000 - 0x00007ff8fc243000 	C:\WINDOWS\system32\cfgmgr32.dll
0x00000000654f0000 - 0x00000000654ff000 	C:\Program Files\Java\jdk1.8.0_45\jre\bin\verify.dll
0x00000000654c0000 - 0x00000000654e9000 	C:\Program Files\Java\jdk1.8.0_45\jre\bin\java.dll
0x0000000063d40000 - 0x0000000063d56000 	C:\Program Files\Java\jdk1.8.0_45\jre\bin\zip.dll
0x00007ff8fd2b0000 - 0x00007ff8fe80f000 	C:\WINDOWS\system32\SHELL32.dll
0x00007ff8fb860000 - 0x00007ff8fbea4000 	C:\WINDOWS\system32\windows.storage.dll
0x00007ff8fe810000 - 0x00007ff8fe862000 	C:\WINDOWS\system32\shlwapi.dll
0x00007ff8fb7a0000 - 0x00007ff8fb7af000 	C:\WINDOWS\system32\kernel.appcore.dll
0x00007ff8fc440000 - 0x00007ff8fc4f5000 	C:\WINDOWS\system32\shcore.dll
0x00007ff8fb750000 - 0x00007ff8fb79b000 	C:\WINDOWS\system32\powrprof.dll
0x00007ff8fb720000 - 0x00007ff8fb734000 	C:\WINDOWS\system32\profapi.dll
0x0000000063d20000 - 0x0000000063d3a000 	C:\Program Files\Java\jdk1.8.0_45\jre\bin\net.dll
0x00007ff8faff0000 - 0x00007ff8fb04c000 	C:\WINDOWS\system32\mswsock.dll
0x0000000063d00000 - 0x0000000063d11000 	C:\Program Files\Java\jdk1.8.0_45\jre\bin\nio.dll
0x00007ff8f61c0000 - 0x00007ff8f61d2000 	C:\Users\ALDI\.gradle\native\19\windows-amd64\native-platform.dll
0x00007ff8f4020000 - 0x00007ff8f4058000 	C:\WINDOWS\SYSTEM32\IPHLPAPI.DLL
0x00007ff8fc9e0000 - 0x00007ff8fc9e8000 	C:\WINDOWS\system32\NSI.dll
0x00007ff8f3dd0000 - 0x00007ff8f3de6000 	C:\WINDOWS\SYSTEM32\dhcpcsvc6.DLL
0x00007ff8f3e80000 - 0x00007ff8f3e9a000 	C:\WINDOWS\SYSTEM32\dhcpcsvc.DLL
0x00007ff8fb0a0000 - 0x00007ff8fb0b7000 	C:\WINDOWS\SYSTEM32\CRYPTSP.dll
0x00007ff8fad30000 - 0x00007ff8fad64000 	C:\WINDOWS\system32\rsaenh.dll
0x00007ff8fb650000 - 0x00007ff8fb679000 	C:\WINDOWS\SYSTEM32\bcrypt.dll
0x00007ff8fae80000 - 0x00007ff8fae9f000 	C:\WINDOWS\SYSTEM32\USERENV.dll
0x00007ff8fb1c0000 - 0x00007ff8fb1cb000 	C:\WINDOWS\SYSTEM32\CRYPTBASE.dll
0x00000000654b0000 - 0x00000000654bd000 	C:\Program Files\Java\jdk1.8.0_45\jre\bin\management.dll
0x00007ff8f9ce0000 - 0x00007ff8f9d59000 	C:\WINDOWS\system32\apphelp.dll
0x00007ff8d5e00000 - 0x00007ff8d5f8c000 	C:\WINDOWS\SYSTEM32\dbghelp.dll

VM Arguments:
jvm_args: -XX:MaxPermSize=256m -XX:+HeapDumpOnOutOfMemoryError -Xmx1024m -Dfile.encoding=windows-1252 -Duser.country=US -Duser.language=en -Duser.variant 
java_command: org.gradle.launcher.daemon.bootstrap.GradleDaemon 2.4 C:\Users\ALDI\.gradle C:\Users\ALDI\.gradle\daemon 10800000 7d312e5a-e874-4452-b4fb-6e9e2de97aa3 -XX:MaxPermSize=256m -XX:+HeapDumpOnOutOfMemoryError -Xmx1024m -Dfile.encoding=windows-1252 -Duser.country=US -Duser.language=en -Duser.variant
java_class_path (initial): C:\Users\ALDI\.gradle\wrapper\dists\gradle-2.4-all\6r4uqcc6ovnq6ac6s0txzcpc0\gradle-2.4\lib\gradle-launcher-2.4.jar
Launcher Type: SUN_STANDARD

Environment Variables:
PATH=C:\ProgramData\Oracle\Java\javapath;C:\Program Files\Java\jdk1.8.0_45\bin;C:\WINDOWS\system32;C:\WINDOWS;C:\WINDOWS\System32\Wbem;C:\WINDOWS\System32\WindowsPowerShell\v1.0\;C:\Program Files (x86)\ATI Technologies\ATI.ACE\Core-Static;C:\Program Files (x86)\MySQL\MySQL Fabric 1.5.3 & MySQL Utilities 1.5.3 1.5\;C:\Program Files (x86)\MySQL\MySQL Fabric 1.5.3 & MySQL Utilities 1.5.3 1.5\Doctrine extensions for PHP\;C:\Program Files (x86)\Skype\Phone\;C:\Program Files (x86)\AMD\ATI.ACE\Core-Static;C:\Program Files\Git\cmd;C:\Users\ALDI\AppData\Local\Android\sdk\platform-tools;C:\Users\ALDI\AppData\Local\Android\sdk\tools
USERNAME=ALDI
OS=Windows_NT
PROCESSOR_IDENTIFIER=AMD64 Family 21 Model 19 Stepping 1, AuthenticAMD



---------------  S Y S T E M  ---------------

OS: Windows 10.0 , 64 bit Build 10586 (10.0.10586.0)

CPU:total 4 (4 cores per cpu, 1 threads per core) family 21 model 19 stepping 1, cmov, cx8, fxsr, mmx, sse, sse2, sse3, ssse3, sse4.1, sse4.2, popcnt, avx, aes, clmul, mmxext, 3dnowpref, lzcnt, sse4a, tsc, tscinvbit, tscinv, bmi1

Memory: 4k page, physical 7543056k(3824272k free), swap 8722704k(3711340k free)

vm_info: Java HotSpot(TM) 64-Bit Server VM (25.45-b02) for windows-amd64 JRE (1.8.0_45-b15), built on Apr 30 2015 12:40:44 by "java_re" with MS VC++ 10.0 (VS2010)

time: Mon Nov 30 00:18:39 2015
elapsed time: 2802 seconds (0d 0h 46m 42s)

