#
# A fatal error has been detected by the Java Runtime Environment:
#
#  EXCEPTION_ACCESS_VIOLATION (0xc0000005) at pc=0x00000000038faca4, pid=6188, tid=580
#
# JRE version: Java(TM) SE Runtime Environment (8.0_45-b15) (build 1.8.0_45-b15)
# Java VM: Java HotSpot(TM) 64-Bit Server VM (25.45-b02 mixed mode windows-amd64 compressed oops)
# Problematic frame:
# J 13696 C2 sun.reflect.generics.repository.AbstractRepository.<init>(Ljava/lang/String;Lsun/reflect/generics/factory/GenericsFactory;)V (19 bytes) @ 0x00000000038faca4 [0x00000000038f9a60+0x1244]
#
# Failed to write core dump. Minidumps are not enabled by default on client versions of Windows
#
# If you would like to submit a bug report, please visit:
#   http://bugreport.java.com/bugreport/crash.jsp
#

---------------  T H R E A D  ---------------

Current thread (0x000000001bd49000):  JavaThread "Daemon worker Thread 12" [_thread_in_Java, id=580, stack(0x00000000259e0000,0x0000000025ae0000)]

siginfo: ExceptionCode=0xc0000005, reading address 0xffffffffffffffff

Registers:
RAX=0x0000000000000000, RBX=0x0000000000000000, RCX=0x000000000000000a, RDX=0x00000000c00013f0
RSP=0x0000000025adb2c0, RBP=0x00000000c00013f0, RSI=0x0000000000000021, RDI=0x0000000000000001
R8 =0x20000000038f9778, R9 =0x000000000000004c, R10=0x00000000f0f6d948, R11=0x0000000000000029
R12=0x0000000000000000, R13=0x0000000000000029, R14=0x00000000f0f6d948, R15=0x000000001bd49000
RIP=0x00000000038faca4, EFLAGS=0x0000000000010283

Top of Stack: (sp=0x0000000025adb2c0)
0x0000000025adb2c0:   00000000200003df 0000000002449fec
0x0000000025adb2d0:   0000000000000400 00000000f0f6d820
0x0000000025adb2e0:   162699fc200003df 00000000c0157830
0x0000000025adb2f0:   00000000f0f6d8f0 00000000f0f6d908
0x0000000025adb300:   000000010001ce30 00000000f0f6d9b0
0x0000000025adb310:   00000000f0f6d930 0000000002e7df00
0x0000000025adb320:   00000000c00013f0 00000000f0f6d908
0x0000000025adb330:   0000000000000000 00000000c09ed340
0x0000000025adb340:   00000000c2008cd0 00000000c2008ce0
0x0000000025adb350:   00000000c0a4b3c8 00000000c0a42210
0x0000000025adb360:   00000000c2008cf0 00000000c0e06c48
0x0000000025adb370:   00000000c00bea28 0000000025adb3a0
0x0000000025adb380:   c00013f01413a438 ffffffeefffffff8
0x0000000025adb390:   00000000f0f6d8d8 000000000000003a
0x0000000025adb3a0:   00000000f0f6d8d8 0000000000000283
0x0000000025adb3b0:   00000000f0f6d078 00000000032e7544 

Instructions: (pc=0x00000000038faca4)
0x00000000038fac84:   00 00 45 0f b7 44 7a 10 41 8b c8 83 c1 be 83 f9
0x00000000038fac94:   19 73 15 4d 63 c8 49 b8 78 97 8f 03 00 00 00 20
0x00000000038faca4:   43 ff a4 c8 f0 fd ff ff 41 3b fb 73 76 45 0f b7
0x00000000038facb4:   54 7a 10 45 8b c2 41 83 c0 b4 41 83 f8 10 73 15 


Register to memory mapping:

RAX=0x0000000000000000 is an unknown value
RBX=0x0000000000000000 is an unknown value
RCX=0x000000000000000a is an unknown value
RDX=0x00000000c00013f0 is an oop
[Ljava.lang.Object; 
 - klass: 'java/lang/Object'[]
 - length: 0
RSP=0x0000000025adb2c0 is pointing into the stack for thread: 0x000000001bd49000
RBP=0x00000000c00013f0 is an oop
[Ljava.lang.Object; 
 - klass: 'java/lang/Object'[]
 - length: 0
RSI=0x0000000000000021 is an unknown value
RDI=0x0000000000000001 is an unknown value
R8 =0x20000000038f9778 is an unknown value
R9 =0x000000000000004c is an unknown value
R10=0x00000000f0f6d948 is an oop
[C 
 - klass: {type array char}
 - length: 41
R11=0x0000000000000029 is an unknown value
R12=0x0000000000000000 is an unknown value
R13=0x0000000000000029 is an unknown value
R14=0x00000000f0f6d948 is an oop
[C 
 - klass: {type array char}
 - length: 41
R15=0x000000001bd49000 is a thread


Stack: [0x00000000259e0000,0x0000000025ae0000],  sp=0x0000000025adb2c0,  free space=1004k
Native frames: (J=compiled Java code, j=interpreted, Vv=VM code, C=native code)
C  0x00000000038faca4


---------------  P R O C E S S  ---------------

Java Threads: ( => current thread )
  0x000000001bd4e000 JavaThread "pool-1-thread-3" [_thread_blocked, id=6688, stack(0x00000000262e0000,0x00000000263e0000)]
  0x000000001bd4d800 JavaThread "pool-1-thread-2" [_thread_blocked, id=6732, stack(0x00000000261e0000,0x00000000262e0000)]
  0x000000001bd4a800 JavaThread "pool-1-thread-1" [_thread_blocked, id=5808, stack(0x0000000025be0000,0x0000000025ce0000)]
  0x000000001bd42800 JavaThread "Stdin handler" [_thread_blocked, id=8, stack(0x0000000025ae0000,0x0000000025be0000)]
=>0x000000001bd49000 JavaThread "Daemon worker Thread 12" [_thread_in_Java, id=580, stack(0x00000000259e0000,0x0000000025ae0000)]
  0x000000001bd44000 JavaThread "Cancel handler" [_thread_blocked, id=5164, stack(0x00000000258e0000,0x00000000259e0000)]
  0x000000001bd46800 JavaThread "Handler for socket connection from /127.0.0.1:64544 to /127.0.0.1:58963" [_thread_in_native, id=6432, stack(0x00000000257e0000,0x00000000258e0000)]
  0x000000001bd48000 JavaThread "Daemon Thread 12" [_thread_blocked, id=3868, stack(0x00000000256e0000,0x00000000257e0000)]
  0x0000000016b6e000 JavaThread "File lock request listener" [_thread_in_native, id=1108, stack(0x000000001a6f0000,0x000000001a7f0000)]
  0x0000000017428000 JavaThread "Incoming local TCP Connector on port 64544" [_thread_in_native, id=3800, stack(0x0000000017030000,0x0000000017130000)]
  0x0000000014a2c800 JavaThread "Service Thread" daemon [_thread_blocked, id=6656, stack(0x0000000016630000,0x0000000016730000)]
  0x0000000014a22000 JavaThread "C1 CompilerThread2" daemon [_thread_blocked, id=2292, stack(0x0000000016130000,0x0000000016230000)]
  0x00000000149d1800 JavaThread "C2 CompilerThread1" daemon [_thread_blocked, id=5168, stack(0x0000000016030000,0x0000000016130000)]
  0x00000000149ce000 JavaThread "C2 CompilerThread0" daemon [_thread_blocked, id=5824, stack(0x0000000015f30000,0x0000000016030000)]
  0x00000000149cc000 JavaThread "Attach Listener" daemon [_thread_blocked, id=4456, stack(0x0000000015e30000,0x0000000015f30000)]
  0x00000000149cb000 JavaThread "Signal Dispatcher" daemon [_thread_blocked, id=6852, stack(0x0000000015d30000,0x0000000015e30000)]
  0x00000000022f7000 JavaThread "Finalizer" daemon [_thread_blocked, id=2116, stack(0x0000000015c30000,0x0000000015d30000)]
  0x00000000022ee000 JavaThread "Reference Handler" daemon [_thread_blocked, id=2068, stack(0x0000000015b30000,0x0000000015c30000)]
  0x00000000021de000 JavaThread "main" [_thread_blocked, id=6436, stack(0x0000000002080000,0x0000000002180000)]

Other Threads:
  0x0000000014997800 VMThread [stack: 0x0000000015a30000,0x0000000015b30000] [id=6540]
  0x0000000014a2d800 WatcherThread [stack: 0x0000000016730000,0x0000000016830000] [id=3804]

VM state:not at safepoint (normal execution)

VM Mutex/Monitor currently owned by a thread: None

Heap:
 PSYoungGen      total 329216K, used 109627K [0x00000000eab00000, 0x0000000100000000, 0x0000000100000000)
  eden space 311808K, 33% used [0x00000000eab00000,0x00000000f107d4d0,0x00000000fdb80000)
  from space 17408K, 32% used [0x00000000feb80000,0x00000000ff1119f0,0x00000000ffc80000)
  to   space 16384K, 0% used [0x00000000fdb80000,0x00000000fdb80000,0x00000000feb80000)
 ParOldGen       total 97280K, used 54196K [0x00000000c0000000, 0x00000000c5f00000, 0x00000000eab00000)
  object space 97280K, 55% used [0x00000000c0000000,0x00000000c34ed0c8,0x00000000c5f00000)
 Metaspace       used 58745K, capacity 64572K, committed 64680K, reserved 1103872K
  class space    used 7747K, capacity 9338K, committed 9384K, reserved 1048576K

Card table byte_map: [0x00000000116c0000,0x00000000118d0000] byte_map_base: 0x00000000110c0000

Marking Bits: (ParMarkBitMap*) 0x0000000055e24040
 Begin Bits: [0x0000000011e30000, 0x0000000012e30000)
 End Bits:   [0x0000000012e30000, 0x0000000013e30000)

Polling page: 0x00000000001f0000

CodeCache: size=245760Kb used=45300Kb max_used=45325Kb free=200459Kb
 bounds [0x0000000002300000, 0x0000000004f90000, 0x0000000011300000]
 total_blobs=12097 nmethods=11389 adapters=619
 compilation: enabled

Compilation events (10 events):
Event: 3474.631 Thread 0x0000000014a22000 14806       3       org.gradle.internal.serialize.kryo.KryoBackedEncoder::writeByte (9 bytes)
Event: 3474.631 Thread 0x0000000014a22000 nmethod 14806 0x0000000004f32490 code [0x0000000004f32600, 0x0000000004f32888]
Event: 3474.636 Thread 0x00000000149d1800 nmethod 14804 0x0000000004f5dc10 code [0x0000000004f5dd60, 0x0000000004f5e108]
Event: 3474.636 Thread 0x00000000149d1800 14805       4       com.esotericsoftware.kryo.io.Output::writeBytes (90 bytes)
Event: 3474.643 Thread 0x00000000149d1800 nmethod 14805 0x0000000004f5d590 code [0x0000000004f5d6e0, 0x0000000004f5da28]
Event: 3474.701 Thread 0x00000000149d1800 14807       4       com.android.builder.dependency.LibraryBundle::getManifest (14 bytes)
Event: 3474.703 Thread 0x00000000149d1800 nmethod 14807 0x0000000004f5d250 code [0x0000000004f5d3a0, 0x0000000004f5d4a8]
Event: 3474.735 Thread 0x0000000014a22000 14808       3       com.android.build.gradle.tasks.MergeManifests$_ConfigAction_execute_closure5::$getCallSiteArray (40 bytes)
Event: 3474.736 Thread 0x0000000014a22000 nmethod 14808 0x0000000004f4c510 code [0x0000000004f4c700, 0x0000000004f4d1e8]
Event: 3474.804 Thread 0x00000000149ce000 nmethod 14791 0x0000000004f76d90 code [0x0000000004f772e0, 0x0000000004f7c800]

GC Heap History (10 events):
Event: 2818.222 GC heap before
{Heap before GC invocations=36 (full 11):
 PSYoungGen      total 321536K, used 3863K [0x00000000eab00000, 0x0000000100000000, 0x0000000100000000)
  eden space 302080K, 0% used [0x00000000eab00000,0x00000000eab00000,0x00000000fd200000)
  from space 19456K, 19% used [0x00000000fd200000,0x00000000fd5c5d70,0x00000000fe500000)
  to   space 18944K, 0% used [0x00000000fed80000,0x00000000fed80000,0x0000000100000000)
 ParOldGen       total 97280K, used 54631K [0x00000000c0000000, 0x00000000c5f00000, 0x00000000eab00000)
  object space 97280K, 56% used [0x00000000c0000000,0x00000000c3559f38,0x00000000c5f00000)
 Metaspace       used 57086K, capacity 61884K, committed 62248K, reserved 1101824K
  class space    used 7530K, capacity 8876K, committed 9000K, reserved 1048576K
Event: 2818.652 GC heap after
Heap after GC invocations=36 (full 11):
 PSYoungGen      total 321536K, used 0K [0x00000000eab00000, 0x0000000100000000, 0x0000000100000000)
  eden space 302080K, 0% used [0x00000000eab00000,0x00000000eab00000,0x00000000fd200000)
  from space 19456K, 0% used [0x00000000fd200000,0x00000000fd200000,0x00000000fe500000)
  to   space 18944K, 0% used [0x00000000fed80000,0x00000000fed80000,0x0000000100000000)
 ParOldGen       total 97280K, used 54198K [0x00000000c0000000, 0x00000000c5f00000, 0x00000000eab00000)
  object space 97280K, 55% used [0x00000000c0000000,0x00000000c34eda90,0x00000000c5f00000)
 Metaspace       used 57020K, capacity 61656K, committed 62248K, reserved 1101824K
  class space    used 7514K, capacity 8808K, committed 9000K, reserved 1048576K
}
Event: 3075.775 GC heap before
{Heap before GC invocations=37 (full 11):
 PSYoungGen      total 321536K, used 302080K [0x00000000eab00000, 0x0000000100000000, 0x0000000100000000)
  eden space 302080K, 100% used [0x00000000eab00000,0x00000000fd200000,0x00000000fd200000)
  from space 19456K, 0% used [0x00000000fd200000,0x00000000fd200000,0x00000000fe500000)
  to   space 18944K, 0% used [0x00000000fed80000,0x00000000fed80000,0x0000000100000000)
 ParOldGen       total 97280K, used 54198K [0x00000000c0000000, 0x00000000c5f00000, 0x00000000eab00000)
  object space 97280K, 55% used [0x00000000c0000000,0x00000000c34eda90,0x00000000c5f00000)
 Metaspace       used 57379K, capacity 62482K, committed 62888K, reserved 1103872K
  class space    used 7557K, capacity 8963K, committed 9128K, reserved 1048576K
Event: 3075.789 GC heap after
Heap after GC invocations=37 (full 11):
 PSYoungGen      total 327168K, used 5383K [0x00000000eab00000, 0x00000000ffd80000, 0x0000000100000000)
  eden space 310784K, 0% used [0x00000000eab00000,0x00000000eab00000,0x00000000fda80000)
  from space 16384K, 32% used [0x00000000fed80000,0x00000000ff2c1f78,0x00000000ffd80000)
  to   space 17920K, 0% used [0x00000000fda80000,0x00000000fda80000,0x00000000fec00000)
 ParOldGen       total 97280K, used 54206K [0x00000000c0000000, 0x00000000c5f00000, 0x00000000eab00000)
  object space 97280K, 55% used [0x00000000c0000000,0x00000000c34efa90,0x00000000c5f00000)
 Metaspace       used 57379K, capacity 62482K, committed 62888K, reserved 1103872K
  class space    used 7557K, capacity 8963K, committed 9128K, reserved 1048576K
}
Event: 3078.227 GC heap before
{Heap before GC invocations=38 (full 11):
 PSYoungGen      total 327168K, used 119018K [0x00000000eab00000, 0x00000000ffd80000, 0x0000000100000000)
  eden space 310784K, 36% used [0x00000000eab00000,0x00000000f19f8978,0x00000000fda80000)
  from space 16384K, 32% used [0x00000000fed80000,0x00000000ff2c1f78,0x00000000ffd80000)
  to   space 17920K, 0% used [0x00000000fda80000,0x00000000fda80000,0x00000000fec00000)
 ParOldGen       total 97280K, used 54206K [0x00000000c0000000, 0x00000000c5f00000, 0x00000000eab00000)
  object space 97280K, 55% used [0x00000000c0000000,0x00000000c34efa90,0x00000000c5f00000)
 Metaspace       used 57412K, capacity 62546K, committed 62888K, reserved 1103872K
  class space    used 7557K, capacity 8963K, committed 9128K, reserved 1048576K
Event: 3078.251 GC heap after
Heap after GC invocations=38 (full 11):
 PSYoungGen      total 315392K, used 4215K [0x00000000eab00000, 0x00000000ffc80000, 0x0000000100000000)
  eden space 310784K, 0% used [0x00000000eab00000,0x00000000eab00000,0x00000000fda80000)
  from space 4608K, 91% used [0x00000000fda80000,0x00000000fde9dd70,0x00000000fdf00000)
  to   space 17408K, 0% used [0x00000000feb80000,0x00000000feb80000,0x00000000ffc80000)
 ParOldGen       total 97280K, used 54214K [0x00000000c0000000, 0x00000000c5f00000, 0x00000000eab00000)
  object space 97280K, 55% used [0x00000000c0000000,0x00000000c34f1a90,0x00000000c5f00000)
 Metaspace       used 57412K, capacity 62546K, committed 62888K, reserved 1103872K
  class space    used 7557K, capacity 8963K, committed 9128K, reserved 1048576K
}
Event: 3078.251 GC heap before
{Heap before GC invocations=39 (full 12):
 PSYoungGen      total 315392K, used 4215K [0x00000000eab00000, 0x00000000ffc80000, 0x0000000100000000)
  eden space 310784K, 0% used [0x00000000eab00000,0x00000000eab00000,0x00000000fda80000)
  from space 4608K, 91% used [0x00000000fda80000,0x00000000fde9dd70,0x00000000fdf00000)
  to   space 17408K, 0% used [0x00000000feb80000,0x00000000feb80000,0x00000000ffc80000)
 ParOldGen       total 97280K, used 54214K [0x00000000c0000000, 0x00000000c5f00000, 0x00000000eab00000)
  object space 97280K, 55% used [0x00000000c0000000,0x00000000c34f1a90,0x00000000c5f00000)
 Metaspace       used 57412K, capacity 62546K, committed 62888K, reserved 1103872K
  class space    used 7557K, capacity 8963K, committed 9128K, reserved 1048576K
Event: 3078.825 GC heap after
Heap after GC invocations=39 (full 12):
 PSYoungGen      total 315392K, used 0K [0x00000000eab00000, 0x00000000ffc80000, 0x0000000100000000)
  eden space 310784K, 0% used [0x00000000eab00000,0x00000000eab00000,0x00000000fda80000)
  from space 4608K, 0% used [0x00000000fda80000,0x00000000fda80000,0x00000000fdf00000)
  to   space 17408K, 0% used [0x00000000feb80000,0x00000000feb80000,0x00000000ffc80000)
 ParOldGen       total 97280K, used 54188K [0x00000000c0000000, 0x00000000c5f00000, 0x00000000eab00000)
  object space 97280K, 55% used [0x00000000c0000000,0x00000000c34eb0c8,0x00000000c5f00000)
 Metaspace       used 57345K, capacity 62318K, committed 62888K, reserved 1103872K
  class space    used 7541K, capacity 8895K, committed 9128K, reserved 1048576K
}
Event: 3471.089 GC heap before
{Heap before GC invocations=40 (full 12):
 PSYoungGen      total 315392K, used 310784K [0x00000000eab00000, 0x00000000ffc80000, 0x0000000100000000)
  eden space 310784K, 100% used [0x00000000eab00000,0x00000000fda80000,0x00000000fda80000)
  from space 4608K, 0% used [0x00000000fda80000,0x00000000fda80000,0x00000000fdf00000)
  to   space 17408K, 0% used [0x00000000feb80000,0x00000000feb80000,0x00000000ffc80000)
 ParOldGen       total 97280K, used 54188K [0x00000000c0000000, 0x00000000c5f00000, 0x00000000eab00000)
  object space 97280K, 55% used [0x00000000c0000000,0x00000000c34eb0c8,0x00000000c5f00000)
 Metaspace       used 58206K, capacity 64026K, committed 64424K, reserved 1103872K
  class space    used 7683K, capacity 9229K, committed 9384K, reserved 1048576K
Event: 3471.102 GC heap after
Heap after GC invocations=40 (full 12):
 PSYoungGen      total 329216K, used 5702K [0x00000000eab00000, 0x0000000100000000, 0x0000000100000000)
  eden space 311808K, 0% used [0x00000000eab00000,0x00000000eab00000,0x00000000fdb80000)
  from space 17408K, 32% used [0x00000000feb80000,0x00000000ff1119f0,0x00000000ffc80000)
  to   space 16384K, 0% used [0x00000000fdb80000,0x00000000fdb80000,0x00000000feb80000)
 ParOldGen       total 97280K, used 54196K [0x00000000c0000000, 0x00000000c5f00000, 0x00000000eab00000)
  object space 97280K, 55% used [0x00000000c0000000,0x00000000c34ed0c8,0x00000000c5f00000)
 Metaspace       used 58206K, capacity 64026K, committed 64424K, reserved 1103872K
  class space    used 7683K, capacity 9229K, committed 9384K, reserved 1048576K
}

Deoptimization events (10 events):
Event: 3474.139 Thread 0x000000001bd49000 Uncommon trap: reason=null_check action=make_not_entrant pc=0x0000000004f2fdc8 method=com.android.ide.common.res2.NodeUtils.processSingleNodeNamespace(Lorg/w3c/dom/Node;Lorg/w3c/dom/Document;)Z @ 8
Event: 3474.193 Thread 0x000000001bd49000 Uncommon trap: reason=class_check action=maybe_recompile pc=0x000000000264c4e0 method=com.sun.org.apache.xerces.internal.dom.NamedNodeMapImpl.item(I)Lorg/w3c/dom/Node; @ 30
Event: 3474.193 Thread 0x000000001bd49000 Uncommon trap: reason=unstable_if action=reinterpret pc=0x0000000003c4aee4 method=com.sun.org.apache.xerces.internal.dom.AttrImpl.getValue()Ljava/lang/String; @ 15
Event: 3474.193 Thread 0x000000001bd49000 Uncommon trap: reason=class_check action=maybe_recompile pc=0x000000000264c4e0 method=com.sun.org.apache.xerces.internal.dom.NamedNodeMapImpl.item(I)Lorg/w3c/dom/Node; @ 30
Event: 3474.193 Thread 0x000000001bd49000 Uncommon trap: reason=class_check action=maybe_recompile pc=0x000000000264c4e0 method=com.sun.org.apache.xerces.internal.dom.NamedNodeMapImpl.item(I)Lorg/w3c/dom/Node; @ 30
Event: 3474.193 Thread 0x000000001bd49000 Uncommon trap: reason=class_check action=maybe_recompile pc=0x000000000264c4e0 method=com.sun.org.apache.xerces.internal.dom.NamedNodeMapImpl.item(I)Lorg/w3c/dom/Node; @ 30
Event: 3474.259 Thread 0x000000001bd49000 Uncommon trap: reason=unstable_if action=reinterpret pc=0x00000000037ced98 method=sun.nio.cs.UTF_8$Encoder.encodeArrayLoop(Ljava/nio/CharBuffer;Ljava/nio/ByteBuffer;)Ljava/nio/charset/CoderResult; @ 113
Event: 3474.259 Thread 0x000000001bd49000 Uncommon trap: reason=unstable_if action=reinterpret pc=0x0000000003bfd954 method=java.nio.charset.CharsetEncoder.encode(Ljava/nio/CharBuffer;Ljava/nio/ByteBuffer;Z)Ljava/nio/charset/CoderResult; @ 94
Event: 3474.630 Thread 0x000000001bd49000 Uncommon trap: reason=unstable_if action=reinterpret pc=0x00000000033e38b8 method=com.esotericsoftware.kryo.io.Output.writeByte(B)V @ 8
Event: 3474.923 Thread 0x000000001bd49000 Uncommon trap: reason=class_check action=maybe_recompile pc=0x0000000004c0f8e0 method=org.gradle.api.internal.changedetection.state.DefaultFileCollectionSnapshotter$FileCollectionSnapshotImpl$2.next(Lorg/gradle/util/ChangeListener;)Z @ 45

Internal exceptions (10 events):
Event: 3472.774 Thread 0x000000001bd49000 Implicit null exception at 0x00000000025345da to 0x000000000253462d
Event: 3474.139 Thread 0x000000001bd49000 Implicit null exception at 0x0000000004f2e13b to 0x0000000004f2fdb9
Event: 3474.963 Thread 0x000000001bd49000 Exception <a 'java/lang/ClassNotFoundException': groovy/runtime/metaclass/[Ljava/io/File;MetaClass> (0x00000000f0f150f0) thrown at [C:\re\workspace\8-2-build-windows-amd64-cygwin\jdk8u45\3627\hotspot\src\share\vm\prims\jni.cpp, line 735]
Event: 3474.964 Thread 0x000000001bd49000 Exception <a 'java/lang/ClassNotFoundException': [Ljava/io/File;BeanInfo> (0x00000000f0f1aa70) thrown at [C:\re\workspace\8-2-build-windows-amd64-cygwin\jdk8u45\3627\hotspot\src\share\vm\prims\jni.cpp, line 735]
Event: 3474.964 Thread 0x000000001bd49000 Exception <a 'java/lang/ClassNotFoundException': [Ljava/io/File;BeanInfo> (0x00000000f0f1afa0) thrown at [C:\re\workspace\8-2-build-windows-amd64-cygwin\jdk8u45\3627\hotspot\src\share\vm\prims\jni.cpp, line 735]
Event: 3474.964 Thread 0x000000001bd49000 Exception <a 'java/lang/ClassNotFoundException': [Ljava/io/File;Customizer> (0x00000000f0f1b6a0) thrown at [C:\re\workspace\8-2-build-windows-amd64-cygwin\jdk8u45\3627\hotspot\src\share\vm\prims\jni.cpp, line 735]
Event: 3474.964 Thread 0x000000001bd49000 Exception <a 'java/lang/ClassNotFoundException': [Ljava/io/File;Customizer> (0x00000000f0f1bbd8) thrown at [C:\re\workspace\8-2-build-windows-amd64-cygwin\jdk8u45\3627\hotspot\src\share\vm\prims\jni.cpp, line 735]
Event: 3474.990 Thread 0x000000001bd49000 Exception <a 'java/lang/ClassNotFoundException': com/android/builder/core/AaptPackageProcessBuilderBeanInfo> (0x00000000f0f54a80) thrown at [C:\re\workspace\8-2-build-windows-amd64-cygwin\jdk8u45\3627\hotspot\src\share\vm\classfile\systemDictionary.cpp, li÷Æ
Event: 3474.990 Thread 0x000000001bd49000 Exception <a 'java/lang/ClassNotFoundException': com/android/ide/common/process/ProcessEnvBuilderBeanInfo> (0x00000000f0f60638) thrown at [C:\re\workspace\8-2-build-windows-amd64-cygwin\jdk8u45\3627\hotspot\src\share\vm\classfile\systemDictionary.cpp, lineç†0û%«@
Event: 3474.991 Thread 0x000000001bd49000 Exception <a 'java/lang/ClassNotFoundException': com/android/ide/common/process/ProcessEnvBuilderCustomizer> (0x00000000f0f6c388) thrown at [C:\re\workspace\8-2-build-windows-amd64-cygwin\jdk8u45\3627\hotspot\src\share\vm\classfile\systemDictionary.cpp, li˜ç¾RŒ!«@

Events (10 events):
Event: 3474.990 loading class com/android/builder/core/AaptPackageProcessBuilderBeanInfo
Event: 3474.990 loading class com/android/builder/core/AaptPackageProcessBuilderBeanInfo done
Event: 3474.990 loading class com/android/ide/common/process/ProcessEnvBuilderBeanInfo
Event: 3474.990 loading class com/android/ide/common/process/ProcessEnvBuilderBeanInfo done
Event: 3474.990 loading class com/android/ide/common/process/ProcessEnvBuilderBeanInfo
Event: 3474.990 loading class com/android/ide/common/process/ProcessEnvBuilderBeanInfo done
Event: 3474.990 loading class com/android/ide/common/process/ProcessEnvBuilderCustomizer
Event: 3474.990 loading class com/android/ide/common/process/ProcessEnvBuilderCustomizer done
Event: 3474.991 loading class com/android/ide/common/process/ProcessEnvBuilderCustomizer
Event: 3474.991 loading class com/android/ide/common/process/ProcessEnvBuilderCustomizer done


Dynamic libraries:
0x00007ff697cb0000 - 0x00007ff697ce7000 	C:\Program Files\Java\jdk1.8.0_45\bin\java.exe
0x00007ff884590000 - 0x00007ff884751000 	C:\WINDOWS\SYSTEM32\ntdll.dll
0x00007ff882070000 - 0x00007ff88211d000 	C:\WINDOWS\system32\KERNEL32.DLL
0x00007ff881070000 - 0x00007ff881258000 	C:\WINDOWS\system32\KERNELBASE.dll
0x00007ff883a50000 - 0x00007ff883af7000 	C:\WINDOWS\system32\ADVAPI32.dll
0x00007ff883c10000 - 0x00007ff883cad000 	C:\WINDOWS\system32\msvcrt.dll
0x00007ff881990000 - 0x00007ff8819eb000 	C:\WINDOWS\system32\sechost.dll
0x00007ff883930000 - 0x00007ff883a4c000 	C:\WINDOWS\system32\RPCRT4.dll
0x00007ff8819f0000 - 0x00007ff881b46000 	C:\WINDOWS\system32\USER32.dll
0x00007ff881e70000 - 0x00007ff881ff6000 	C:\WINDOWS\system32\GDI32.dll
0x00007ff8727b0000 - 0x00007ff872a24000 	C:\WINDOWS\WinSxS\amd64_microsoft.windows.common-controls_6595b64144ccf1df_6.0.10586.0_none_8c15ae12515e1c22\COMCTL32.dll
0x00007ff883d80000 - 0x00007ff883ffd000 	C:\WINDOWS\system32\combase.dll
0x00007ff880f30000 - 0x00007ff880f9a000 	C:\WINDOWS\system32\bcryptPrimitives.dll
0x00007ff883bd0000 - 0x00007ff883c0b000 	C:\WINDOWS\system32\IMM32.DLL
0x0000000055eb0000 - 0x0000000055f82000 	C:\Program Files\Java\jdk1.8.0_45\jre\bin\msvcr100.dll
0x0000000055620000 - 0x0000000055ea3000 	C:\Program Files\Java\jdk1.8.0_45\jre\bin\server\jvm.dll
0x00007ff882060000 - 0x00007ff882068000 	C:\WINDOWS\system32\PSAPI.DLL
0x00007ff87edd0000 - 0x00007ff87edf3000 	C:\WINDOWS\SYSTEM32\WINMM.dll
0x00007ff87f340000 - 0x00007ff87f349000 	C:\WINDOWS\SYSTEM32\WSOCK32.dll
0x00007ff8822e0000 - 0x00007ff88234b000 	C:\WINDOWS\system32\WS2_32.dll
0x00007ff87c7d0000 - 0x00007ff87c7da000 	C:\WINDOWS\SYSTEM32\VERSION.dll
0x00007ff87ed60000 - 0x00007ff87ed8c000 	C:\WINDOWS\SYSTEM32\WINMMBASE.dll
0x00007ff881940000 - 0x00007ff881983000 	C:\WINDOWS\system32\cfgmgr32.dll
0x0000000055610000 - 0x000000005561f000 	C:\Program Files\Java\jdk1.8.0_45\jre\bin\verify.dll
0x00000000555e0000 - 0x0000000055609000 	C:\Program Files\Java\jdk1.8.0_45\jre\bin\java.dll
0x00000000555c0000 - 0x00000000555d6000 	C:\Program Files\Java\jdk1.8.0_45\jre\bin\zip.dll
0x00007ff8823d0000 - 0x00007ff88392f000 	C:\WINDOWS\system32\SHELL32.dll
0x00007ff8812f0000 - 0x00007ff881934000 	C:\WINDOWS\system32\windows.storage.dll
0x00007ff882350000 - 0x00007ff8823a2000 	C:\WINDOWS\system32\shlwapi.dll
0x00007ff880c30000 - 0x00007ff880c3f000 	C:\WINDOWS\system32\kernel.appcore.dll
0x00007ff880c40000 - 0x00007ff880cf5000 	C:\WINDOWS\system32\shcore.dll
0x00007ff880be0000 - 0x00007ff880c2b000 	C:\WINDOWS\system32\powrprof.dll
0x00007ff880bc0000 - 0x00007ff880bd4000 	C:\WINDOWS\system32\profapi.dll
0x00000000555a0000 - 0x00000000555ba000 	C:\Program Files\Java\jdk1.8.0_45\jre\bin\net.dll
0x00007ff880480000 - 0x00007ff8804dc000 	C:\WINDOWS\system32\mswsock.dll
0x0000000055580000 - 0x0000000055591000 	C:\Program Files\Java\jdk1.8.0_45\jre\bin\nio.dll
0x00007ff8787b0000 - 0x00007ff8787c2000 	C:\Users\ALDI\.gradle\native\19\windows-amd64\native-platform.dll
0x00007ff87cf50000 - 0x00007ff87cf88000 	C:\WINDOWS\SYSTEM32\IPHLPAPI.DLL
0x00007ff881e60000 - 0x00007ff881e68000 	C:\WINDOWS\system32\NSI.dll
0x00007ff87b1d0000 - 0x00007ff87b1e6000 	C:\WINDOWS\SYSTEM32\dhcpcsvc6.DLL
0x00007ff87b250000 - 0x00007ff87b26a000 	C:\WINDOWS\SYSTEM32\dhcpcsvc.DLL
0x00007ff880530000 - 0x00007ff880547000 	C:\WINDOWS\SYSTEM32\CRYPTSP.dll
0x00007ff8801c0000 - 0x00007ff8801f4000 	C:\WINDOWS\system32\rsaenh.dll
0x00007ff880ae0000 - 0x00007ff880b09000 	C:\WINDOWS\SYSTEM32\bcrypt.dll
0x00007ff880310000 - 0x00007ff88032f000 	C:\WINDOWS\SYSTEM32\USERENV.dll
0x00007ff880650000 - 0x00007ff88065b000 	C:\WINDOWS\SYSTEM32\CRYPTBASE.dll
0x0000000055570000 - 0x000000005557d000 	C:\Program Files\Java\jdk1.8.0_45\jre\bin\management.dll
0x00007ff869830000 - 0x00007ff8699bc000 	C:\WINDOWS\SYSTEM32\dbghelp.dll

VM Arguments:
jvm_args: -XX:MaxPermSize=256m -XX:+HeapDumpOnOutOfMemoryError -Xmx1024m -Dfile.encoding=windows-1252 -Duser.country=US -Duser.language=en -Duser.variant 
java_command: org.gradle.launcher.daemon.bootstrap.GradleDaemon 2.4 C:\Users\ALDI\.gradle C:\Users\ALDI\.gradle\daemon 10800000 d450906c-ff40-43b2-b50a-dfdea6400cfe -XX:MaxPermSize=256m -XX:+HeapDumpOnOutOfMemoryError -Xmx1024m -Dfile.encoding=windows-1252 -Duser.country=US -Duser.language=en -Duser.variant
java_class_path (initial): C:\Users\ALDI\.gradle\wrapper\dists\gradle-2.4-all\6r4uqcc6ovnq6ac6s0txzcpc0\gradle-2.4\lib\gradle-launcher-2.4.jar
Launcher Type: SUN_STANDARD

Environment Variables:
PATH=C:\Program Files (x86)\Common Files\Intel\Shared Files\cpp\bin\Intel64;C:\ProgramData\Oracle\Java\javapath;C:\Program Files\Java\jdk1.8.0_45\bin;C:\WINDOWS\system32;C:\WINDOWS;C:\WINDOWS\System32\Wbem;C:\WINDOWS\System32\WindowsPowerShell\v1.0\;C:\Program Files (x86)\ATI Technologies\ATI.ACE\Core-Static;C:\Program Files (x86)\MySQL\MySQL Fabric 1.5.3 & MySQL Utilities 1.5.3 1.5\;C:\Program Files (x86)\MySQL\MySQL Fabric 1.5.3 & MySQL Utilities 1.5.3 1.5\Doctrine extensions for PHP\;C:\Program Files (x86)\Skype\Phone\;C:\Program Files (x86)\AMD\ATI.ACE\Core-Static;C:\Program Files\Git\cmd;C:\Users\ALDI\AppData\Local\Android\sdk\platform-tools;C:\Users\ALDI\AppData\Local\Android\sdk\tools;C:\WINDOWS\system32\config\systemprofile\.dnx\bin;C:\Program Files\Microsoft DNX\Dnvm\;C:\Program Files (x86)\MATLAB\R2008b\bin;C:\Program Files (x86)\MATLAB\R2008b\bin\win32
USERNAME=ALDI
OS=Windows_NT
PROCESSOR_IDENTIFIER=AMD64 Family 21 Model 19 Stepping 1, AuthenticAMD



---------------  S Y S T E M  ---------------

OS: Windows 10.0 , 64 bit Build 10586 (10.0.10586.0)

CPU:total 4 (4 cores per cpu, 1 threads per core) family 21 model 19 stepping 1, cmov, cx8, fxsr, mmx, sse, sse2, sse3, ssse3, sse4.1, sse4.2, popcnt, avx, aes, clmul, mmxext, 3dnowpref, lzcnt, sse4a, tsc, tscinvbit, tscinv, bmi1

Memory: 4k page, physical 7542800k(3689036k free), swap 8722448k(4074200k free)

vm_info: Java HotSpot(TM) 64-Bit Server VM (25.45-b02) for windows-amd64 JRE (1.8.0_45-b15), built on Apr 30 2015 12:40:44 by "java_re" with MS VC++ 10.0 (VS2010)

time: Sat Dec 19 01:05:37 2015
elapsed time: 3475 seconds (0d 0h 57m 55s)

