#
# A fatal error has been detected by the Java Runtime Environment:
#
#  EXCEPTION_ACCESS_VIOLATION (0xc0000005) at pc=0xffffffffe2b2a700, pid=1124, tid=1324
#
# JRE version: Java(TM) SE Runtime Environment (8.0_45-b15) (build 1.8.0_45-b15)
# Java VM: Java HotSpot(TM) 64-Bit Server VM (25.45-b02 mixed mode windows-amd64 compressed oops)
# Problematic frame:
# C  0xffffffffe2b2a700
#
# Failed to write core dump. Minidumps are not enabled by default on client versions of Windows
#
# If you would like to submit a bug report, please visit:
#   http://bugreport.java.com/bugreport/crash.jsp
#

---------------  T H R E A D  ---------------

Current thread (0x000000001757b000):  JavaThread "Daemon worker" [_thread_in_Java, id=1324, stack(0x0000000018970000,0x0000000018a70000)]

siginfo: ExceptionCode=0xc0000005, ExceptionInformation=0x0000000000000008 0xffffffffe2b2a700

Registers:
RAX=0x000000001ee0bb00, RBX=0x0000000011020000, RCX=0x00000000f36057e0, RDX=0x00000000ee760800
RSP=0x0000000018a6b468, RBP=0x0000000018a6b560, RSI=0x000000001ee4af38, RDI=0x00000000c0693258
R8 =0x00000000f3603150, R9 =0x00000000ee760800, R10=0x00000000f3603150, R11=0x00000000039189a0
R12=0x0000000000000000, R13=0x0000000018a6b4f8, R14=0x0000000018a6b580, R15=0x000000001757b000
RIP=0xffffffffe2b2a700, EFLAGS=0x0000000000010206

Top of Stack: (sp=0x0000000018a6b468)
0x0000000018a6b468:   0000000003918a2c 0000000018a6b540
0x0000000018a6b478:   0000000003801454 0000000000000368
0x0000000018a6b488:   00000001006c42e8 00000000f3572aa0
0x0000000018a6b498:   00000000f3602f70 00000000f3603060
0x0000000018a6b4a8:   000000001ee0f668 00000000f36057e0
0x0000000018a6b4b8:   00000000f3603150 0000000011020000
0x0000000018a6b4c8:   00000000c0693258 0000000018a6b540
0x0000000018a6b4d8:   0000000002267ced 0000000018a6b560
0x0000000018a6b4e8:   0000000002267ced 0000000002267ced
0x0000000018a6b4f8:   00000000c0693258 00000000ee760800
0x0000000018a6b508:   00000000f3603150 00000000f36057e0
0x0000000018a6b518:   00000000f36057e0 0000000018a6b520
0x0000000018a6b528:   000000001ee07917 0000000018a6b580
0x0000000018a6b538:   000000001ee0c3d8 000000001ee4af08
0x0000000018a6b548:   000000001ee07920 0000000018a6b4f8
0x0000000018a6b558:   0000000018a6b570 0000000018a6b5c8 

Instructions: (pc=0xffffffffe2b2a700)
0xffffffffe2b2a6e0:   
[error occurred during error reporting (printing registers, top of stack, instructions near pc), id 0xc0000005]

Register to memory mapping:

RAX={method} {0x000000001ee0bb08} '<init>' '(Lcom/sun/tools/javac/jvm/Items;Lcom/sun/tools/javac/code/Type;Ljava/lang/Object;)V' in 'com/sun/tools/javac/jvm/Items$ImmediateItem'
RBX=0x0000000011020000 is an unknown value
RCX=0x00000000f36057e0 is an oop
com.sun.tools.javac.jvm.Items$ImmediateItem 
 - klass: 'com/sun/tools/javac/jvm/Items$ImmediateItem'
RDX=0x00000000ee760800 is an oop
com.sun.tools.javac.code.Type$JCPrimitiveType 
 - klass: 'com/sun/tools/javac/code/Type$JCPrimitiveType'
RSP=0x0000000018a6b468 is pointing into the stack for thread: 0x000000001757b000
RBP=0x0000000018a6b560 is pointing into the stack for thread: 0x000000001757b000
RSI=0x000000001ee4af38 is pointing into metadata
RDI=0x00000000c0693258 is an oop
java.lang.Integer 
 - klass: 'java/lang/Integer'
R8 =0x00000000f3603150 is an oop
com.sun.tools.javac.jvm.Items 
 - klass: 'com/sun/tools/javac/jvm/Items'
R9 =0x00000000ee760800 is an oop
com.sun.tools.javac.code.Type$JCPrimitiveType 
 - klass: 'com/sun/tools/javac/code/Type$JCPrimitiveType'
R10=0x00000000f3603150 is an oop
com.sun.tools.javac.jvm.Items 
 - klass: 'com/sun/tools/javac/jvm/Items'
R11=0x00000000039189a0 is at entry_point+32 in (nmethod*)0x0000000003918810
R12=0x0000000000000000 is an unknown value
R13=0x0000000018a6b4f8 is pointing into the stack for thread: 0x000000001757b000
R14=0x0000000018a6b580 is pointing into the stack for thread: 0x000000001757b000
R15=0x000000001757b000 is a thread


Stack: [0x0000000018970000,0x0000000018a70000],  sp=0x0000000018a6b468,  free space=1005k
Native frames: (J=compiled Java code, j=interpreted, Vv=VM code, C=native code)
C  0xffffffffe2b2a700


---------------  P R O C E S S  ---------------

Java Threads: ( => current thread )
  0x000000001ae44000 JavaThread "pool-1-thread-2" [_thread_blocked, id=6044, stack(0x000000001d180000,0x000000001d280000)]
  0x000000001c2b5800 JavaThread "pool-1-thread-1" [_thread_blocked, id=2524, stack(0x000000001b7f0000,0x000000001b8f0000)]
  0x0000000016285000 JavaThread "File lock request listener" [_thread_in_native, id=5404, stack(0x000000001a340000,0x000000001a440000)]
  0x0000000017559800 JavaThread "Stdin handler" [_thread_blocked, id=6396, stack(0x0000000018a70000,0x0000000018b70000)]
=>0x000000001757b000 JavaThread "Daemon worker" [_thread_in_Java, id=1324, stack(0x0000000018970000,0x0000000018a70000)]
  0x0000000017523800 JavaThread "Cancel handler" [_thread_blocked, id=7540, stack(0x0000000018870000,0x0000000018970000)]
  0x0000000017268800 JavaThread "Handler for socket connection from /127.0.0.1:57244 to /127.0.0.1:57246" [_thread_in_native, id=7904, stack(0x0000000018770000,0x0000000018870000)]
  0x000000001725f800 JavaThread "Daemon" [_thread_blocked, id=564, stack(0x0000000018670000,0x0000000018770000)]
  0x0000000017378000 JavaThread "Incoming local TCP Connector on port 57244" [_thread_in_native, id=4140, stack(0x0000000018290000,0x0000000018390000)]
  0x00000000161b8800 JavaThread "Service Thread" daemon [_thread_blocked, id=2616, stack(0x0000000016580000,0x0000000016680000)]
  0x0000000014938800 JavaThread "C1 CompilerThread2" daemon [_thread_blocked, id=4656, stack(0x0000000016080000,0x0000000016180000)]
  0x0000000014932800 JavaThread "C2 CompilerThread1" daemon [_thread_in_native, id=6032, stack(0x0000000015f80000,0x0000000016080000)]
  0x000000001492f800 JavaThread "C2 CompilerThread0" daemon [_thread_blocked, id=7976, stack(0x0000000015e80000,0x0000000015f80000)]
  0x000000001492d800 JavaThread "Attach Listener" daemon [_thread_blocked, id=7556, stack(0x0000000015d80000,0x0000000015e80000)]
  0x000000001492c800 JavaThread "Signal Dispatcher" daemon [_thread_blocked, id=6692, stack(0x0000000015c80000,0x0000000015d80000)]
  0x0000000000788800 JavaThread "Finalizer" daemon [_thread_blocked, id=5168, stack(0x0000000015b80000,0x0000000015c80000)]
  0x00000000148f9800 JavaThread "Reference Handler" daemon [_thread_blocked, id=7364, stack(0x0000000015a80000,0x0000000015b80000)]
  0x000000000055e000 JavaThread "main" [_thread_blocked, id=8992, stack(0x0000000002080000,0x0000000002180000)]

Other Threads:
  0x00000000148f7000 VMThread [stack: 0x0000000015980000,0x0000000015a80000] [id=10204]
  0x00000000161bb800 WatcherThread [stack: 0x0000000016680000,0x0000000016780000] [id=9604]

VM state:not at safepoint (normal execution)

VM Mutex/Monitor currently owned by a thread: None

Heap:
 PSYoungGen      total 158208K, used 156130K [0x00000000eab00000, 0x00000000f5980000, 0x0000000100000000)
  eden space 142848K, 100% used [0x00000000eab00000,0x00000000f3680000,0x00000000f3680000)
  from space 15360K, 86% used [0x00000000f4a80000,0x00000000f5778a68,0x00000000f5980000)
  to   space 17920K, 0% used [0x00000000f3680000,0x00000000f3680000,0x00000000f4800000)
 ParOldGen       total 86016K, used 36180K [0x00000000c0000000, 0x00000000c5400000, 0x00000000eab00000)
  object space 86016K, 42% used [0x00000000c0000000,0x00000000c2355188,0x00000000c5400000)
 Metaspace       used 45930K, capacity 47746K, committed 48000K, reserved 1089536K
  class space    used 6299K, capacity 6970K, committed 7040K, reserved 1048576K

Card table byte_map: [0x0000000011620000,0x0000000011830000] byte_map_base: 0x0000000011020000

Marking Bits: (ParMarkBitMap*) 0x00000000551b4040
 Begin Bits: [0x0000000011d90000, 0x0000000012d90000)
 End Bits:   [0x0000000012d90000, 0x0000000013d90000)

Polling page: 0x0000000000520000

CodeCache: size=245760Kb used=23224Kb max_used=23235Kb free=222535Kb
 bounds [0x0000000002260000, 0x0000000003930000, 0x0000000011260000]
 total_blobs=6883 nmethods=6188 adapters=606
 compilation: enabled

Compilation events (10 events):
Event: 47.159 Thread 0x0000000014938800 7129       2       com.sun.tools.javac.jvm.ClassWriter::nameType (43 bytes)
Event: 47.159 Thread 0x000000001492f800 nmethod 7010 0x000000000391ce10 code [0x000000000391d360, 0x000000000391f660]
Event: 47.159 Thread 0x000000001492f800 7064       4       com.sun.tools.javac.jvm.ClassFile::externalize (51 bytes)
Event: 47.159 Thread 0x0000000014938800 nmethod 7129 0x000000000391c7d0 code [0x000000000391c960, 0x000000000391cca8]
Event: 47.162 Thread 0x0000000014938800 7130       3       com.sun.tools.javac.jvm.Items$ImmediateItem::load (344 bytes)
Event: 47.165 Thread 0x0000000014938800 nmethod 7130 0x000000000391a750 code [0x000000000391aac0, 0x000000000391bf38]
Event: 47.166 Thread 0x000000001492f800 nmethod 7064 0x0000000003918d50 code [0x0000000003918ea0, 0x0000000003919118]
Event: 47.166 Thread 0x000000001492f800 6990       4       com.sun.tools.javac.util.List::contains (45 bytes)
Event: 47.166 Thread 0x0000000014938800 7131       3       com.sun.tools.javac.jvm.Items$ImmediateItem::<init> (20 bytes)
Event: 47.167 Thread 0x0000000014938800 nmethod 7131 0x0000000003918810 code [0x0000000003918980, 0x0000000003918c28]

GC Heap History (10 events):
Event: 16.462 GC heap before
{Heap before GC invocations=10 (full 1):
 PSYoungGen      total 89088K, used 89075K [0x00000000eab00000, 0x00000000f1800000, 0x0000000100000000)
  eden space 79360K, 100% used [0x00000000eab00000,0x00000000ef880000,0x00000000ef880000)
  from space 9728K, 99% used [0x00000000f0380000,0x00000000f0cfcfc0,0x00000000f0d00000)
  to   space 11264K, 0% used [0x00000000ef880000,0x00000000ef880000,0x00000000f0380000)
 ParOldGen       total 52736K, used 8081K [0x00000000c0000000, 0x00000000c3380000, 0x00000000eab00000)
  object space 52736K, 15% used [0x00000000c0000000,0x00000000c07e45d8,0x00000000c3380000)
 Metaspace       used 33798K, capacity 34830K, committed 34944K, reserved 1079296K
  class space    used 4613K, capacity 4992K, committed 4992K, reserved 1048576K
Event: 16.530 GC heap after
Heap after GC invocations=10 (full 1):
 PSYoungGen      total 90624K, used 11248K [0x00000000eab00000, 0x00000000f3280000, 0x0000000100000000)
  eden space 79360K, 0% used [0x00000000eab00000,0x00000000eab00000,0x00000000ef880000)
  from space 11264K, 99% used [0x00000000ef880000,0x00000000f037c128,0x00000000f0380000)
  to   space 14848K, 0% used [0x00000000f2400000,0x00000000f2400000,0x00000000f3280000)
 ParOldGen       total 52736K, used 13734K [0x00000000c0000000, 0x00000000c3380000, 0x00000000eab00000)
  object space 52736K, 26% used [0x00000000c0000000,0x00000000c0d69838,0x00000000c3380000)
 Metaspace       used 33798K, capacity 34830K, committed 34944K, reserved 1079296K
  class space    used 4613K, capacity 4992K, committed 4992K, reserved 1048576K
}
Event: 17.161 GC heap before
{Heap before GC invocations=11 (full 1):
 PSYoungGen      total 90624K, used 25734K [0x00000000eab00000, 0x00000000f3280000, 0x0000000100000000)
  eden space 79360K, 18% used [0x00000000eab00000,0x00000000eb925a58,0x00000000ef880000)
  from space 11264K, 99% used [0x00000000ef880000,0x00000000f037c128,0x00000000f0380000)
  to   space 14848K, 0% used [0x00000000f2400000,0x00000000f2400000,0x00000000f3280000)
 ParOldGen       total 52736K, used 13734K [0x00000000c0000000, 0x00000000c3380000, 0x00000000eab00000)
  object space 52736K, 26% used [0x00000000c0000000,0x00000000c0d69838,0x00000000c3380000)
 Metaspace       used 34340K, capacity 35384K, committed 35496K, reserved 1079296K
  class space    used 4676K, capacity 5063K, committed 5120K, reserved 1048576K
Event: 17.212 GC heap after
Heap after GC invocations=11 (full 1):
 PSYoungGen      total 123904K, used 8548K [0x00000000eab00000, 0x00000000f3700000, 0x0000000100000000)
  eden space 109056K, 0% used [0x00000000eab00000,0x00000000eab00000,0x00000000f1580000)
  from space 14848K, 57% used [0x00000000f2400000,0x00000000f2c591b0,0x00000000f3280000)
  to   space 14848K, 0% used [0x00000000f1580000,0x00000000f1580000,0x00000000f2400000)
 ParOldGen       total 52736K, used 17623K [0x00000000c0000000, 0x00000000c3380000, 0x00000000eab00000)
  object space 52736K, 33% used [0x00000000c0000000,0x00000000c1135ca8,0x00000000c3380000)
 Metaspace       used 34340K, capacity 35384K, committed 35496K, reserved 1079296K
  class space    used 4676K, capacity 5063K, committed 5120K, reserved 1048576K
}
Event: 17.212 GC heap before
{Heap before GC invocations=12 (full 2):
 PSYoungGen      total 123904K, used 8548K [0x00000000eab00000, 0x00000000f3700000, 0x0000000100000000)
  eden space 109056K, 0% used [0x00000000eab00000,0x00000000eab00000,0x00000000f1580000)
  from space 14848K, 57% used [0x00000000f2400000,0x00000000f2c591b0,0x00000000f3280000)
  to   space 14848K, 0% used [0x00000000f1580000,0x00000000f1580000,0x00000000f2400000)
 ParOldGen       total 52736K, used 17623K [0x00000000c0000000, 0x00000000c3380000, 0x00000000eab00000)
  object space 52736K, 33% used [0x00000000c0000000,0x00000000c1135ca8,0x00000000c3380000)
 Metaspace       used 34340K, capacity 35384K, committed 35496K, reserved 1079296K
  class space    used 4676K, capacity 5063K, committed 5120K, reserved 1048576K
Event: 17.638 GC heap after
Heap after GC invocations=12 (full 2):
 PSYoungGen      total 123904K, used 0K [0x00000000eab00000, 0x00000000f3700000, 0x0000000100000000)
  eden space 109056K, 0% used [0x00000000eab00000,0x00000000eab00000,0x00000000f1580000)
  from space 14848K, 0% used [0x00000000f2400000,0x00000000f2400000,0x00000000f3280000)
  to   space 14848K, 0% used [0x00000000f1580000,0x00000000f1580000,0x00000000f2400000)
 ParOldGen       total 86016K, used 22479K [0x00000000c0000000, 0x00000000c5400000, 0x00000000eab00000)
  object space 86016K, 26% used [0x00000000c0000000,0x00000000c15f3d10,0x00000000c5400000)
 Metaspace       used 34340K, capacity 35384K, committed 35496K, reserved 1079296K
  class space    used 4676K, capacity 5063K, committed 5120K, reserved 1048576K
}
Event: 20.481 GC heap before
{Heap before GC invocations=13 (full 2):
 PSYoungGen      total 123904K, used 109056K [0x00000000eab00000, 0x00000000f3700000, 0x0000000100000000)
  eden space 109056K, 100% used [0x00000000eab00000,0x00000000f1580000,0x00000000f1580000)
  from space 14848K, 0% used [0x00000000f2400000,0x00000000f2400000,0x00000000f3280000)
  to   space 14848K, 0% used [0x00000000f1580000,0x00000000f1580000,0x00000000f2400000)
 ParOldGen       total 86016K, used 22479K [0x00000000c0000000, 0x00000000c5400000, 0x00000000eab00000)
  object space 86016K, 26% used [0x00000000c0000000,0x00000000c15f3d10,0x00000000c5400000)
 Metaspace       used 37524K, capacity 38886K, committed 39168K, reserved 1083392K
  class space    used 5224K, capacity 5764K, committed 5888K, reserved 1048576K
Event: 20.602 GC heap after
Heap after GC invocations=13 (full 2):
 PSYoungGen      total 123904K, used 14824K [0x00000000eab00000, 0x00000000f5b00000, 0x0000000100000000)
  eden space 109056K, 0% used [0x00000000eab00000,0x00000000eab00000,0x00000000f1580000)
  from space 14848K, 99% used [0x00000000f1580000,0x00000000f23fa360,0x00000000f2400000)
  to   space 16896K, 0% used [0x00000000f4a80000,0x00000000f4a80000,0x00000000f5b00000)
 ParOldGen       total 86016K, used 22715K [0x00000000c0000000, 0x00000000c5400000, 0x00000000eab00000)
  object space 86016K, 26% used [0x00000000c0000000,0x00000000c162ef08,0x00000000c5400000)
 Metaspace       used 37524K, capacity 38886K, committed 39168K, reserved 1083392K
  class space    used 5224K, capacity 5764K, committed 5888K, reserved 1048576K
}
Event: 30.273 GC heap before
{Heap before GC invocations=14 (full 2):
 PSYoungGen      total 123904K, used 123880K [0x00000000eab00000, 0x00000000f5b00000, 0x0000000100000000)
  eden space 109056K, 100% used [0x00000000eab00000,0x00000000f1580000,0x00000000f1580000)
  from space 14848K, 99% used [0x00000000f1580000,0x00000000f23fa360,0x00000000f2400000)
  to   space 16896K, 0% used [0x00000000f4a80000,0x00000000f4a80000,0x00000000f5b00000)
 ParOldGen       total 86016K, used 22715K [0x00000000c0000000, 0x00000000c5400000, 0x00000000eab00000)
  object space 86016K, 26% used [0x00000000c0000000,0x00000000c162ef08,0x00000000c5400000)
 Metaspace       used 39834K, capacity 41262K, committed 41472K, reserved 1085440K
  class space    used 5565K, capacity 6113K, committed 6144K, reserved 1048576K
Event: 30.351 GC heap after
Heap after GC invocations=14 (full 2):
 PSYoungGen      total 158208K, used 13282K [0x00000000eab00000, 0x00000000f5980000, 0x0000000100000000)
  eden space 142848K, 0% used [0x00000000eab00000,0x00000000eab00000,0x00000000f3680000)
  from space 15360K, 86% used [0x00000000f4a80000,0x00000000f5778a68,0x00000000f5980000)
  to   space 17920K, 0% used [0x00000000f3680000,0x00000000f3680000,0x00000000f4800000)
 ParOldGen       total 86016K, used 36180K [0x00000000c0000000, 0x00000000c5400000, 0x00000000eab00000)
  object space 86016K, 42% used [0x00000000c0000000,0x00000000c2355188,0x00000000c5400000)
 Metaspace       used 39834K, capacity 41262K, committed 41472K, reserved 1085440K
  class space    used 5565K, capacity 6113K, committed 6144K, reserved 1048576K
}

Deoptimization events (10 events):
Event: 46.725 Thread 0x000000001757b000 Uncommon trap: reason=class_check action=maybe_recompile pc=0x0000000003393570 method=com.sun.tools.javac.code.Types.rank(Lcom/sun/tools/javac/code/Type;)I @ 131
Event: 46.725 Thread 0x000000001757b000 Uncommon trap: reason=class_check action=maybe_recompile pc=0x0000000003392eb8 method=com.sun.tools.javac.code.Types.rank(Lcom/sun/tools/javac/code/Type;)I @ 1
Event: 46.887 Thread 0x000000001757b000 Uncommon trap: reason=class_check action=maybe_recompile pc=0x000000000349a80c method=com.sun.tools.javac.comp.MemberEnter.annotateLater(Lcom/sun/tools/javac/util/List;Lcom/sun/tools/javac/comp/Env;Lcom/sun/tools/javac/code/Symbol;Lcom/sun/tools/javac/util
Event: 46.907 Thread 0x000000001757b000 Uncommon trap: reason=unstable_if action=reinterpret pc=0x00000000023cb770 method=com.sun.tools.javac.util.Convert.utf2chars([BI[CII)I @ 91
Event: 46.924 Thread 0x000000001757b000 Uncommon trap: reason=bimorphic action=maybe_recompile pc=0x00000000033be360 method=com.sun.tools.javac.code.Types$18.visitClassType(Lcom/sun/tools/javac/code/Type$ClassType;Ljava/lang/Void;)Lcom/sun/tools/javac/code/Type; @ 54
Event: 46.924 Thread 0x000000001757b000 Uncommon trap: reason=bimorphic action=maybe_recompile pc=0x000000000295c214 method=com.sun.tools.javac.code.Types$19.visitClassType(Lcom/sun/tools/javac/code/Type$ClassType;Ljava/lang/Void;)Lcom/sun/tools/javac/util/List; @ 46
Event: 46.938 Thread 0x000000001757b000 Uncommon trap: reason=bimorphic action=maybe_recompile pc=0x00000000033be360 method=com.sun.tools.javac.code.Types$18.visitClassType(Lcom/sun/tools/javac/code/Type$ClassType;Ljava/lang/Void;)Lcom/sun/tools/javac/code/Type; @ 54
Event: 46.938 Thread 0x000000001757b000 Uncommon trap: reason=bimorphic action=maybe_recompile pc=0x000000000295c214 method=com.sun.tools.javac.code.Types$19.visitClassType(Lcom/sun/tools/javac/code/Type$ClassType;Ljava/lang/Void;)Lcom/sun/tools/javac/util/List; @ 46
Event: 46.947 Thread 0x000000001757b000 Uncommon trap: reason=bimorphic action=maybe_recompile pc=0x0000000002cbad88 method=com.sun.tools.javac.code.Types$18.visitClassType(Lcom/sun/tools/javac/code/Type$ClassType;Ljava/lang/Void;)Lcom/sun/tools/javac/code/Type; @ 54
Event: 46.947 Thread 0x000000001757b000 Uncommon trap: reason=bimorphic action=maybe_recompile pc=0x000000000266446c method=com.sun.tools.javac.code.Types$19.visitClassType(Lcom/sun/tools/javac/code/Type$ClassType;Ljava/lang/Void;)Lcom/sun/tools/javac/util/List; @ 46

Internal exceptions (10 events):
Event: 32.781 Thread 0x000000001757b000 Exception <a 'java/lang/ClassNotFoundException': [Ljava/io/File;BeanInfo> (0x00000000ebea40d0) thrown at [C:\re\workspace\8-2-build-windows-amd64-cygwin\jdk8u45\3627\hotspot\src\share\vm\prims\jni.cpp, line 735]
Event: 32.781 Thread 0x000000001757b000 Exception <a 'java/lang/ClassNotFoundException': [Ljava/io/File;Customizer> (0x00000000ebea47d0) thrown at [C:\re\workspace\8-2-build-windows-amd64-cygwin\jdk8u45\3627\hotspot\src\share\vm\prims\jni.cpp, line 735]
Event: 32.781 Thread 0x000000001757b000 Exception <a 'java/lang/ClassNotFoundException': [Ljava/io/File;Customizer> (0x00000000ebea4d08) thrown at [C:\re\workspace\8-2-build-windows-amd64-cygwin\jdk8u45\3627\hotspot\src\share\vm\prims\jni.cpp, line 735]
Event: 32.849 Thread 0x000000001757b000 Exception <a 'java/lang/ClassNotFoundException': com/android/builder/core/AaptPackageProcessBuilderBeanInfo> (0x00000000ebee1420) thrown at [C:\re\workspace\8-2-build-windows-amd64-cygwin\jdk8u45\3627\hotspot\src\share\vm\classfile\systemDictionary.cpp, liEÍoˆËl@@
Event: 32.850 Thread 0x000000001757b000 Exception <a 'java/lang/ClassNotFoundException': com/android/ide/common/process/ProcessEnvBuilderBeanInfo> (0x00000000ebeed198) thrown at [C:\re\workspace\8-2-build-windows-amd64-cygwin\jdk8u45\3627\hotspot\src\share\vm\classfile\systemDictionary.cpp, lineqå¬Ûl@@
Event: 32.850 Thread 0x000000001757b000 Exception <a 'java/lang/ClassNotFoundException': com/android/ide/common/process/ProcessEnvBuilderCustomizer> (0x00000000ebef90c8) thrown at [C:\re\workspace\8-2-build-windows-amd64-cygwin\jdk8u45\3627\hotspot\src\share\vm\classfile\systemDictionary.cpp, li
Event: 32.859 Thread 0x000000001757b000 Exception <a 'java/lang/ClassNotFoundException': com/android/builder/core/AaptPackageProcessBuilderCustomizer> (0x00000000ebf09ba0) thrown at [C:\re\workspace\8-2-build-windows-amd64-cygwin\jdk8u45\3627\hotspot\src\share\vm\classfile\systemDictionary.cpp, !Ùgë°F@
Event: 44.232 Thread 0x000000001757b000 Exception <a 'java/security/PrivilegedActionException'> (0x00000000eedceda8) thrown at [C:\re\workspace\8-2-build-windows-amd64-cygwin\jdk8u45\3627\hotspot\src\share\vm\prims\jvm.cpp, line 1382]
Event: 44.232 Thread 0x000000001757b000 Exception <a 'java/security/PrivilegedActionException'> (0x00000000eedcf410) thrown at [C:\re\workspace\8-2-build-windows-amd64-cygwin\jdk8u45\3627\hotspot\src\share\vm\prims\jvm.cpp, line 1382]
Event: 44.878 Thread 0x000000001757b000 Exception <a 'java/io/FileNotFoundException'> (0x00000000f0af7ce0) thrown at [C:\re\workspace\8-2-build-windows-amd64-cygwin\jdk8u45\3627\hotspot\src\share\vm\prims\jni.cpp, line 709]

Events (10 events):
Event: 46.938 Thread 0x000000001757b000 DEOPT UNPACKING pc=0x00000000022a582a sp=0x0000000018a6a4f0 mode 2
Event: 46.938 Thread 0x000000001757b000 Uncommon trap: trap_request=0xffffffc6 fr.pc=0x000000000295c214
Event: 46.938 Thread 0x000000001757b000 DEOPT PACKING pc=0x000000000295c214 sp=0x0000000018a6a5b0
Event: 46.938 Thread 0x000000001757b000 DEOPT UNPACKING pc=0x00000000022a582a sp=0x0000000018a6a4f0 mode 2
Event: 46.947 Thread 0x000000001757b000 Uncommon trap: trap_request=0xffffffc6 fr.pc=0x0000000002cbad88
Event: 46.947 Thread 0x000000001757b000 DEOPT PACKING pc=0x0000000002cbad88 sp=0x0000000018a69890
Event: 46.947 Thread 0x000000001757b000 DEOPT UNPACKING pc=0x00000000022a582a sp=0x0000000018a69850 mode 2
Event: 46.947 Thread 0x000000001757b000 Uncommon trap: trap_request=0xffffffc6 fr.pc=0x000000000266446c
Event: 46.947 Thread 0x000000001757b000 DEOPT PACKING pc=0x000000000266446c sp=0x0000000018a69890
Event: 46.947 Thread 0x000000001757b000 DEOPT UNPACKING pc=0x00000000022a582a sp=0x0000000018a69850 mode 2


Dynamic libraries:
0x00007ff76f420000 - 0x00007ff76f457000 	C:\Program Files\Java\jdk1.8.0_45\bin\java.exe
0x00007ffa082a0000 - 0x00007ffa08461000 	C:\WINDOWS\SYSTEM32\ntdll.dll
0x00007ffa05a50000 - 0x00007ffa05afd000 	C:\WINDOWS\system32\KERNEL32.DLL
0x00007ffa051c0000 - 0x00007ffa053a8000 	C:\WINDOWS\system32\KERNELBASE.dll
0x00007ffa06140000 - 0x00007ffa061e7000 	C:\WINDOWS\system32\ADVAPI32.dll
0x00007ffa065d0000 - 0x00007ffa0666d000 	C:\WINDOWS\system32\msvcrt.dll
0x00007ffa061f0000 - 0x00007ffa0624b000 	C:\WINDOWS\system32\sechost.dll
0x00007ffa08150000 - 0x00007ffa0826c000 	C:\WINDOWS\system32\RPCRT4.dll
0x00007ffa057e0000 - 0x00007ffa05936000 	C:\WINDOWS\system32\USER32.dll
0x00007ffa05b00000 - 0x00007ffa05c86000 	C:\WINDOWS\system32\GDI32.dll
0x00007ff9fb760000 - 0x00007ff9fb9d4000 	C:\WINDOWS\WinSxS\amd64_microsoft.windows.common-controls_6595b64144ccf1df_6.0.10586.0_none_8c15ae12515e1c22\COMCTL32.dll
0x00007ffa05cf0000 - 0x00007ffa05f6d000 	C:\WINDOWS\system32\combase.dll
0x00007ffa05580000 - 0x00007ffa055ea000 	C:\WINDOWS\system32\bcryptPrimitives.dll
0x00007ffa05a10000 - 0x00007ffa05a4b000 	C:\WINDOWS\system32\IMM32.DLL
0x00007ff9f1a60000 - 0x00007ff9f1af1000 	C:\Program Files (x86)\AVG\AVG2015\avghooka.dll
0x0000000055240000 - 0x0000000055312000 	C:\Program Files\Java\jdk1.8.0_45\jre\bin\msvcr100.dll
0x00000000549b0000 - 0x0000000055233000 	C:\Program Files\Java\jdk1.8.0_45\jre\bin\server\jvm.dll
0x00007ffa06130000 - 0x00007ffa06138000 	C:\WINDOWS\system32\PSAPI.DLL
0x00007ff9fca20000 - 0x00007ff9fca29000 	C:\WINDOWS\SYSTEM32\WSOCK32.dll
0x00007ffa056a0000 - 0x00007ffa0570b000 	C:\WINDOWS\system32\WS2_32.dll
0x00007ffa02f90000 - 0x00007ffa02fb3000 	C:\WINDOWS\SYSTEM32\WINMM.dll
0x00007ff9fc6f0000 - 0x00007ff9fc6fa000 	C:\WINDOWS\SYSTEM32\VERSION.dll
0x00007ffa02ef0000 - 0x00007ffa02f1c000 	C:\WINDOWS\SYSTEM32\WINMMBASE.dll
0x00007ffa05150000 - 0x00007ffa05193000 	C:\WINDOWS\system32\cfgmgr32.dll
0x00000000549a0000 - 0x00000000549af000 	C:\Program Files\Java\jdk1.8.0_45\jre\bin\verify.dll
0x0000000054970000 - 0x0000000054999000 	C:\Program Files\Java\jdk1.8.0_45\jre\bin\java.dll
0x0000000054950000 - 0x0000000054966000 	C:\Program Files\Java\jdk1.8.0_45\jre\bin\zip.dll
0x00007ffa06bf0000 - 0x00007ffa0814f000 	C:\WINDOWS\system32\SHELL32.dll
0x00007ffa04950000 - 0x00007ffa04f94000 	C:\WINDOWS\system32\windows.storage.dll
0x00007ffa05c90000 - 0x00007ffa05ce2000 	C:\WINDOWS\system32\shlwapi.dll
0x00007ffa04910000 - 0x00007ffa0491f000 	C:\WINDOWS\system32\kernel.appcore.dll
0x00007ffa05090000 - 0x00007ffa05145000 	C:\WINDOWS\system32\shcore.dll
0x00007ffa048c0000 - 0x00007ffa0490b000 	C:\WINDOWS\system32\powrprof.dll
0x00007ffa04930000 - 0x00007ffa04944000 	C:\WINDOWS\system32\profapi.dll
0x0000000054930000 - 0x000000005494a000 	C:\Program Files\Java\jdk1.8.0_45\jre\bin\net.dll
0x00007ffa04190000 - 0x00007ffa041ec000 	C:\WINDOWS\system32\mswsock.dll
0x0000000054910000 - 0x0000000054921000 	C:\Program Files\Java\jdk1.8.0_45\jre\bin\nio.dll
0x00007ff9e1900000 - 0x00007ff9e1912000 	C:\Users\ALDI\.gradle\native\19\windows-amd64\native-platform.dll
0x00007ffa011e0000 - 0x00007ffa01218000 	C:\WINDOWS\SYSTEM32\IPHLPAPI.DLL
0x00007ffa065c0000 - 0x00007ffa065c8000 	C:\WINDOWS\system32\NSI.dll
0x00007ff9ffde0000 - 0x00007ff9ffdf6000 	C:\WINDOWS\SYSTEM32\dhcpcsvc6.DLL
0x00007ffa005f0000 - 0x00007ffa0060a000 	C:\WINDOWS\SYSTEM32\dhcpcsvc.DLL
0x00007ffa04240000 - 0x00007ffa04257000 	C:\WINDOWS\SYSTEM32\CRYPTSP.dll
0x00007ffa03ed0000 - 0x00007ffa03f04000 	C:\WINDOWS\system32\rsaenh.dll
0x00007ffa04800000 - 0x00007ffa04829000 	C:\WINDOWS\SYSTEM32\bcrypt.dll
0x00007ffa04020000 - 0x00007ffa0403f000 	C:\WINDOWS\SYSTEM32\USERENV.dll
0x00007ffa04360000 - 0x00007ffa0436b000 	C:\WINDOWS\SYSTEM32\CRYPTBASE.dll
0x0000000054900000 - 0x000000005490d000 	C:\Program Files\Java\jdk1.8.0_45\jre\bin\management.dll
0x00007ff9d7bf0000 - 0x00007ff9d7d7c000 	C:\WINDOWS\SYSTEM32\dbghelp.dll

VM Arguments:
jvm_args: -XX:MaxPermSize=256m -XX:+HeapDumpOnOutOfMemoryError -Xmx1024m -Dfile.encoding=windows-1252 -Duser.country=US -Duser.language=en -Duser.variant 
java_command: org.gradle.launcher.daemon.bootstrap.GradleDaemon 2.4 C:\Users\ALDI\.gradle C:\Users\ALDI\.gradle\daemon 10800000 9dbd0c1e-fe4c-47d5-8ab0-2cd07c16a0d3 -XX:MaxPermSize=256m -XX:+HeapDumpOnOutOfMemoryError -Xmx1024m -Dfile.encoding=windows-1252 -Duser.country=US -Duser.language=en -Duser.variant
java_class_path (initial): C:\Users\ALDI\.gradle\wrapper\dists\gradle-2.4-all\6r4uqcc6ovnq6ac6s0txzcpc0\gradle-2.4\lib\gradle-launcher-2.4.jar
Launcher Type: SUN_STANDARD

Environment Variables:
PATH=C:\ProgramData\Oracle\Java\javapath;C:\Program Files\Java\jdk1.8.0_45\bin;C:\WINDOWS\system32;C:\WINDOWS;C:\WINDOWS\System32\Wbem;C:\WINDOWS\System32\WindowsPowerShell\v1.0\;C:\Program Files (x86)\ATI Technologies\ATI.ACE\Core-Static;C:\Program Files (x86)\MySQL\MySQL Fabric 1.5.3 & MySQL Utilities 1.5.3 1.5\;C:\Program Files (x86)\MySQL\MySQL Fabric 1.5.3 & MySQL Utilities 1.5.3 1.5\Doctrine extensions for PHP\;C:\Program Files (x86)\Skype\Phone\;C:\Program Files (x86)\AMD\ATI.ACE\Core-Static;C:\Program Files\Git\cmd;C:\Users\ALDI\AppData\Local\Android\sdk\platform-tools;C:\Users\ALDI\AppData\Local\Android\sdk\tools;C:\WINDOWS\system32\config\systemprofile\.dnx\bin;C:\Program Files\Microsoft DNX\Dnvm\;C:\Program Files (x86)\MATLAB\R2008b\bin;C:\Program Files (x86)\MATLAB\R2008b\bin\win32
USERNAME=ALDI
OS=Windows_NT
PROCESSOR_IDENTIFIER=AMD64 Family 21 Model 19 Stepping 1, AuthenticAMD



---------------  S Y S T E M  ---------------

OS: Windows 10.0 , 64 bit Build 10586 (10.0.10586.0)

CPU:total 4 (4 cores per cpu, 1 threads per core) family 21 model 19 stepping 1, cmov, cx8, fxsr, mmx, sse, sse2, sse3, ssse3, sse4.1, sse4.2, popcnt, avx, aes, clmul, mmxext, 3dnowpref, lzcnt, sse4a, tsc, tscinvbit, tscinv, bmi1

Memory: 4k page, physical 7543056k(3617576k free), swap 8722704k(4198244k free)

vm_info: Java HotSpot(TM) 64-Bit Server VM (25.45-b02) for windows-amd64 JRE (1.8.0_45-b15), built on Apr 30 2015 12:40:44 by "java_re" with MS VC++ 10.0 (VS2010)

time: Fri Dec 04 07:20:18 2015
elapsed time: 47 seconds (0d 0h 0m 47s)

