#
# A fatal error has been detected by the Java Runtime Environment:
#
#  EXCEPTION_ACCESS_VIOLATION (0xc0000005) at pc=0x0000000054a5dd80, pid=5104, tid=5544
#
# JRE version: Java(TM) SE Runtime Environment (8.0_45-b15) (build 1.8.0_45-b15)
# Java VM: Java HotSpot(TM) 64-Bit Server VM (25.45-b02 mixed mode windows-amd64 compressed oops)
# Problematic frame:
# V  [jvm.dll+0xadd80]
#
# Failed to write core dump. Minidumps are not enabled by default on client versions of Windows
#
# If you would like to submit a bug report, please visit:
#   http://bugreport.java.com/bugreport/crash.jsp
#

---------------  T H R E A D  ---------------

Current thread (0x000000000066b000):  GCTaskThread [stack: 0x00000000119e0000,0x0000000011ae0000] [id=5544]

siginfo: ExceptionCode=0xc0000005, reading address 0x000000010183dc60

Registers:
RAX=0x0000000000000001, RBX=0x00000000f4467c98, RCX=0x00000000f4467c98, RDX=0x000000010183dc58
RSP=0x0000000011adefc8, RBP=0x0000000011adf0b8, RSI=0x0000000014745480, RDI=0x0000000000001dc1
R8 =0x0000000011adf270, R9 =0x00000000000000d8, R10=0x0000000000001dc1, R11=0x0000000000000001
R12=0x0000000000000001, R13=0x0000000000000005, R14=0x000000005513da00, R15=0x0000000011adf8a0
RIP=0x0000000054a5dd80, EFLAGS=0x0000000000010202

Top of Stack: (sp=0x0000000011adefc8)
0x0000000011adefc8:   0000000054da83a2 00000000f4467ca8
0x0000000011adefd8:   0000000000000003 0000000002902e50
0x0000000011adefe8:   0000000054a4ce78 0000000054ff6330
0x0000000011adeff8:   0000000011adf8a0 0000000000000000
0x0000000011adf008:   0000000000000000 000000005513dae0
0x0000000011adf018:   0000000000001dc1 0000000000000001
0x0000000011adf028:   0000000054dab0c6 00000000189ad698
0x0000000011adf038:   0000000011adf0b8 0000000000000001
0x0000000011adf048:   0000000000001dc1 000000000066b6b0
0x0000000011adf058:   0000000054a5c2e4 000000000066b6b0
0x0000000011adf068:   0000000000000001 00000000000000c1
0x0000000011adf078:   0000000000000000 000000001cef8848
0x0000000011adf088:   0000000054a9ad3b 000000000066b6a0
0x0000000011adf098:   0000000100000010 1dc1000000000002
0x0000000011adf0a8:   000000000290ffff 000000000066b590
0x0000000011adf0b8:   000000000066b5a0 0000000011adf8b8 

Instructions: (pc=0x0000000054a5dd80)
0x0000000054a5dd60:   3c 95 1d 00 48 8b 9c 24 d0 00 00 00 48 81 c4 c0
0x0000000054a5dd70:   00 00 00 5d c3 cc cc cc cc cc cc cc cc cc cc cc
0x0000000054a5dd80:   44 8b 42 08 4c 8b ca 45 85 c0 7e 0e 41 f6 c0 01
0x0000000054a5dd90:   75 57 41 c1 f8 03 41 8b c0 c3 79 4d 80 3d 3e bf 


Register to memory mapping:

RAX=0x0000000000000001 is an unknown value
RBX=0x00000000f4467c98 is an oop

[error occurred during error reporting (printing register info), id 0xc0000005]

Stack: [0x00000000119e0000,0x0000000011ae0000],  sp=0x0000000011adefc8,  free space=1019k
Native frames: (J=compiled Java code, j=interpreted, Vv=VM code, C=native code)
V  [jvm.dll+0xadd80]

JavaThread 0x0000000016921000 (nid = 9244) was being processed
Java frames: (J=compiled Java code, j=interpreted, Vv=VM code)
v  ~RuntimeStub::_new_array_nozero_Java
J 1672 C2 java.lang.AbstractStringBuilder.expandCapacity(I)V (50 bytes) @ 0x000000000271e43c [0x000000000271e2a0+0x19c]
J 6660 C1 org.gradle.api.internal.file.pattern.RegExpPatternStep.getRegExPattern(Ljava/lang/String;)Ljava/lang/String; (98 bytes) @ 0x0000000003760434 [0x000000000375f700+0xd34]
J 6018 C1 org.gradle.api.internal.file.pattern.PatternStepFactory.getStep(Ljava/lang/String;Z)Lorg/gradle/api/internal/file/pattern/PatternStep; (182 bytes) @ 0x000000000353fa3c [0x000000000353eb80+0xebc]
J 5331 C1 org.gradle.api.internal.file.pattern.PatternMatcherFactory.compile([Ljava/lang/String;IZ)Lorg/gradle/api/internal/file/pattern/PathMatcher; (121 bytes) @ 0x0000000002903534 [0x00000000029030a0+0x494]
J 5331 C1 org.gradle.api.internal.file.pattern.PatternMatcherFactory.compile([Ljava/lang/String;IZ)Lorg/gradle/api/internal/file/pattern/PathMatcher; (121 bytes) @ 0x0000000002903adc [0x00000000029030a0+0xa3c]
J 6526 C1 org.gradle.api.internal.file.pattern.PatternMatcherFactory.compile(ZLjava/lang/String;)Lorg/gradle/api/internal/file/pattern/PathMatcher; (63 bytes) @ 0x0000000003716054 [0x0000000003715500+0xb54]
J 6092 C1 org.gradle.api.internal.file.pattern.PatternMatcherFactory.getPatternMatcher(ZZLjava/lang/String;)Lorg/gradle/api/specs/Spec; (16 bytes) @ 0x00000000035895e4 [0x0000000003589580+0x64]
j  org.gradle.api.tasks.util.PatternSet.getAsExcludeSpec()Lorg/gradle/api/specs/Spec;+54
j  org.gradle.api.tasks.util.PatternSet.getAsSpec()Lorg/gradle/api/specs/Spec;+14
j  org.gradle.api.internal.file.collections.DirectoryFileTree.visitFrom(Lorg/gradle/api/file/FileVisitor;Ljava/io/File;Lorg/gradle/api/file/RelativePath;)V+13
j  org.gradle.api.internal.file.collections.DirectoryFileTree.visit(Lorg/gradle/api/file/FileVisitor;)V+18
j  org.gradle.api.internal.file.collections.FileTreeAdapter.visit(Lorg/gradle/api/file/FileVisitor;)Lorg/gradle/api/file/FileTree;+5
j  org.gradle.api.internal.file.AbstractFileTree.getFiles()Ljava/util/Set;+18
J 6586 C1 org.gradle.api.internal.file.CompositeFileCollection.getFiles()Ljava/util/Set; (55 bytes) @ 0x000000000372334c [0x0000000003722c80+0x6cc]
j  org.gradle.api.internal.changedetection.state.DefaultFileCollectionSnapshotter.snapshot(Lorg/gradle/api/file/FileCollection;)Lorg/gradle/api/internal/changedetection/state/FileCollectionSnapshot;+6
j  org.gradle.api.internal.changedetection.rules.TaskUpToDateState.<init>(Lorg/gradle/api/internal/TaskInternal;Lorg/gradle/api/internal/changedetection/state/TaskHistoryRepository$History;Lorg/gradle/api/internal/changedetection/state/FileCollectionSnapshotter;Lorg/gradle/api/internal/changedetection/state/FileCollectionSnapshotter;)V+117
j  org.gradle.api.internal.changedetection.changes.DefaultTaskArtifactStateRepository$TaskArtifactStateImpl.getStates()Lorg/gradle/api/internal/changedetection/rules/TaskUpToDateState;+34
j  org.gradle.api.internal.changedetection.changes.DefaultTaskArtifactStateRepository$TaskArtifactStateImpl.isUpToDate(Ljava/util/Collection;)Z+2
j  org.gradle.api.internal.tasks.execution.SkipUpToDateTaskExecuter.execute(Lorg/gradle/api/internal/TaskInternal;Lorg/gradle/api/internal/tasks/TaskStateInternal;Lorg/gradle/api/internal/tasks/TaskExecutionContext;)V+45
j  org.gradle.api.internal.tasks.execution.ValidatingTaskExecuter.execute(Lorg/gradle/api/internal/TaskInternal;Lorg/gradle/api/internal/tasks/TaskStateInternal;Lorg/gradle/api/internal/tasks/TaskExecutionContext;)V+215
j  org.gradle.api.internal.tasks.execution.SkipEmptySourceFilesTaskExecuter.execute(Lorg/gradle/api/internal/TaskInternal;Lorg/gradle/api/internal/tasks/TaskStateInternal;Lorg/gradle/api/internal/tasks/TaskExecutionContext;)V+56
j  org.gradle.api.internal.tasks.execution.SkipTaskWithNoActionsExecuter.execute(Lorg/gradle/api/internal/TaskInternal;Lorg/gradle/api/internal/tasks/TaskStateInternal;Lorg/gradle/api/internal/tasks/TaskExecutionContext;)V+110
j  org.gradle.api.internal.tasks.execution.SkipOnlyIfTaskExecuter.execute(Lorg/gradle/api/internal/TaskInternal;Lorg/gradle/api/internal/tasks/TaskStateInternal;Lorg/gradle/api/internal/tasks/TaskExecutionContext;)V+84
j  org.gradle.api.internal.tasks.execution.ExecuteAtMostOnceTaskExecuter.execute(Lorg/gradle/api/internal/TaskInternal;Lorg/gradle/api/internal/tasks/TaskStateInternal;Lorg/gradle/api/internal/tasks/TaskExecutionContext;)V+26
j  org.gradle.api.internal.AbstractTask.executeWithoutThrowingTaskFailure()V+16
j  org.gradle.execution.taskgraph.AbstractTaskPlanExecutor$TaskExecutorWorker.executeTask(Lorg/gradle/execution/taskgraph/TaskInfo;)V+38
j  org.gradle.execution.taskgraph.AbstractTaskPlanExecutor$TaskExecutorWorker.processTask(Lorg/gradle/execution/taskgraph/TaskInfo;)V+2
j  org.gradle.execution.taskgraph.AbstractTaskPlanExecutor$TaskExecutorWorker.run()V+56
j  org.gradle.execution.taskgraph.DefaultTaskPlanExecutor.process(Lorg/gradle/execution/taskgraph/TaskExecutionPlan;Lorg/gradle/api/execution/TaskExecutionListener;)V+6
j  org.gradle.execution.taskgraph.DefaultTaskGraphExecuter.execute()V+46
j  org.gradle.execution.SelectedTaskExecutionAction.execute(Lorg/gradle/execution/BuildExecutionContext;)V+55
j  org.gradle.execution.DefaultBuildExecuter.execute(I)V+36
j  org.gradle.execution.DefaultBuildExecuter.access$200(Lorg/gradle/execution/DefaultBuildExecuter;I)V+2
j  org.gradle.execution.DefaultBuildExecuter$2.proceed()V+10
j  org.gradle.execution.DryRunBuildExecutionAction.execute(Lorg/gradle/execution/BuildExecutionContext;)V+68
j  org.gradle.execution.DefaultBuildExecuter.execute(I)V+36
j  org.gradle.execution.DefaultBuildExecuter.execute()V+2
j  org.gradle.initialization.DefaultGradleLauncher.doBuildStages(Lorg/gradle/initialization/DefaultGradleLauncher$Stage;)V+184
j  org.gradle.initialization.DefaultGradleLauncher.doBuild(Lorg/gradle/initialization/DefaultGradleLauncher$Stage;)Lorg/gradle/BuildResult;+27
j  org.gradle.initialization.DefaultGradleLauncher.run()Lorg/gradle/BuildResult;+4
j  org.gradle.launcher.exec.InProcessBuildActionExecuter$DefaultBuildController.run()Lorg/gradle/api/internal/GradleInternal;+5
j  org.gradle.tooling.internal.provider.runner.BuildModelActionRunner.run(Lorg/gradle/internal/invocation/BuildAction;Lorg/gradle/internal/invocation/BuildController;)V+72
j  org.gradle.launcher.exec.ChainingBuildActionRunner.run(Lorg/gradle/internal/invocation/BuildAction;Lorg/gradle/internal/invocation/BuildController;)V+34
j  org.gradle.launcher.exec.InProcessBuildActionExecuter.execute(Lorg/gradle/internal/invocation/BuildAction;Lorg/gradle/initialization/BuildRequestContext;Lorg/gradle/launcher/exec/BuildActionParameters;)Ljava/lang/Object;+39
j  org.gradle.launcher.exec.InProcessBuildActionExecuter.execute(Lorg/gradle/internal/invocation/BuildAction;Lorg/gradle/initialization/BuildRequestContext;Ljava/lang/Object;)Ljava/lang/Object;+7
j  org.gradle.launcher.daemon.server.exec.ExecuteBuild.doBuild(Lorg/gradle/launcher/daemon/server/api/DaemonCommandExecution;Lorg/gradle/launcher/daemon/protocol/Build;)V+70
j  org.gradle.launcher.daemon.server.exec.BuildCommandOnly.execute(Lorg/gradle/launcher/daemon/server/api/DaemonCommandExecution;)V+49
j  org.gradle.launcher.daemon.server.api.DaemonCommandExecution.proceed()Z+28
j  org.gradle.launcher.daemon.server.exec.WatchForDisconnection.execute(Lorg/gradle/launcher/daemon/server/api/DaemonCommandExecution;)V+19
j  org.gradle.launcher.daemon.server.api.DaemonCommandExecution.proceed()Z+28
j  org.gradle.launcher.daemon.server.exec.ResetDeprecationLogger.execute(Lorg/gradle/launcher/daemon/server/api/DaemonCommandExecution;)V+4
j  org.gradle.launcher.daemon.server.api.DaemonCommandExecution.proceed()Z+28
j  org.gradle.launcher.daemon.server.exec.RequestStopIfSingleUsedDaemon.execute(Lorg/gradle/launcher/daemon/server/api/DaemonCommandExecution;)V+31
j  org.gradle.launcher.daemon.server.api.DaemonCommandExecution.proceed()Z+28
j  org.gradle.launcher.daemon.server.exec.ForwardClientInput$2.call()Ljava/lang/Void;+4
j  org.gradle.launcher.daemon.server.exec.ForwardClientInput$2.call()Ljava/lang/Object;+1
j  org.gradle.util.Swapper.swap(Ljava/lang/Object;Ljava/util/concurrent/Callable;)Ljava/lang/Object;+21
j  org.gradle.launcher.daemon.server.exec.ForwardClientInput.execute(Lorg/gradle/launcher/daemon/server/api/DaemonCommandExecution;)V+63
j  org.gradle.launcher.daemon.server.api.DaemonCommandExecution.proceed()Z+28
j  org.gradle.launcher.daemon.server.health.DaemonHealthTracker.execute(Lorg/gradle/launcher/daemon/server/api/DaemonCommandExecution;)V+35
j  org.gradle.launcher.daemon.server.api.DaemonCommandExecution.proceed()Z+28
j  org.gradle.launcher.daemon.server.exec.LogToClient.doBuild(Lorg/gradle/launcher/daemon/server/api/DaemonCommandExecution;Lorg/gradle/launcher/daemon/protocol/Build;)V+106
j  org.gradle.launcher.daemon.server.exec.BuildCommandOnly.execute(Lorg/gradle/launcher/daemon/server/api/DaemonCommandExecution;)V+49
j  org.gradle.launcher.daemon.server.api.DaemonCommandExecution.proceed()Z+28
j  org.gradle.launcher.daemon.server.exec.EstablishBuildEnvironment.doBuild(Lorg/gradle/launcher/daemon/server/api/DaemonCommandExecution;Lorg/gradle/launcher/daemon/protocol/Build;)V+243
j  org.gradle.launcher.daemon.server.exec.BuildCommandOnly.execute(Lorg/gradle/launcher/daemon/server/api/DaemonCommandExecution;)V+49
j  org.gradle.launcher.daemon.server.api.DaemonCommandExecution.proceed()Z+28
j  org.gradle.launcher.daemon.server.health.HintGCAfterBuild.execute(Lorg/gradle/launcher/daemon/server/api/DaemonCommandExecution;)V+1
j  org.gradle.launcher.daemon.server.api.DaemonCommandExecution.proceed()Z+28
j  org.gradle.launcher.daemon.server.exec.StartBuildOrRespondWithBusy$1.run()V+44
j  org.gradle.launcher.daemon.server.DaemonStateCoordinator$1.run()V+4
j  org.gradle.internal.concurrent.ExecutorPolicy$CatchAndRecordFailures.onExecute(Ljava/lang/Runnable;)V+1
j  org.gradle.internal.concurrent.StoppableExecutorImpl$1.run()V+25
j  java.util.concurrent.ThreadPoolExecutor.runWorker(Ljava/util/concurrent/ThreadPoolExecutor$Worker;)V+95
j  java.util.concurrent.ThreadPoolExecutor$Worker.run()V+5
j  java.lang.Thread.run()V+11
v  ~StubRoutines::call_stub

---------------  P R O C E S S  ---------------

Java Threads: ( => current thread )
  0x000000001692d800 JavaThread "Stdin handler" [_thread_blocked, id=5388, stack(0x000000001eda0000,0x000000001eea0000)]
  0x000000001692c000 JavaThread "Cancel handler" [_thread_blocked, id=248, stack(0x000000001d650000,0x000000001d750000)]
  0x0000000016931000 JavaThread "Handler for socket connection from /127.0.0.1:57187 to /127.0.0.1:57208" [_thread_in_native, id=9588, stack(0x000000001d290000,0x000000001d390000)]
  0x000000001692f000 JavaThread "File lock request listener" [_thread_in_native, id=8372, stack(0x00000000190b0000,0x00000000191b0000)]
  0x0000000016921000 JavaThread "Daemon worker" [_thread_blocked, id=9244, stack(0x00000000188b0000,0x00000000189b0000)]
  0x0000000016b31800 JavaThread "Daemon" [_thread_blocked, id=9176, stack(0x00000000185b0000,0x00000000186b0000)]
  0x00000000175b2000 JavaThread "Incoming local TCP Connector on port 57187" [_thread_in_native, id=4384, stack(0x0000000016de0000,0x0000000016ee0000)]
  0x00000000147de800 JavaThread "Service Thread" daemon [_thread_blocked, id=7020, stack(0x00000000163e0000,0x00000000164e0000)]
  0x0000000014788800 JavaThread "C1 CompilerThread2" daemon [_thread_blocked, id=9972, stack(0x0000000015ee0000,0x0000000015fe0000)]
  0x0000000014782000 JavaThread "C2 CompilerThread1" daemon [_thread_blocked, id=4400, stack(0x0000000015de0000,0x0000000015ee0000)]
  0x000000001477f000 JavaThread "C2 CompilerThread0" daemon [_thread_blocked, id=8092, stack(0x0000000015ce0000,0x0000000015de0000)]
  0x000000001477d800 JavaThread "Attach Listener" daemon [_thread_blocked, id=9956, stack(0x0000000015be0000,0x0000000015ce0000)]
  0x000000001477c800 JavaThread "Signal Dispatcher" daemon [_thread_blocked, id=1544, stack(0x0000000015ae0000,0x0000000015be0000)]
  0x0000000000741800 JavaThread "Finalizer" daemon [_thread_blocked, id=7348, stack(0x00000000159e0000,0x0000000015ae0000)]
  0x000000000073e000 JavaThread "Reference Handler" daemon [_thread_blocked, id=3120, stack(0x00000000158e0000,0x00000000159e0000)]
  0x00000000007be000 JavaThread "main" [_thread_blocked, id=5364, stack(0x0000000002110000,0x0000000002210000)]

Other Threads:
  0x0000000014747800 VMThread [stack: 0x00000000157e0000,0x00000000158e0000] [id=7324]
  0x0000000016012000 WatcherThread [stack: 0x00000000164e0000,0x00000000165e0000] [id=6308]

=>0x000000000066b000 (exited) GCTaskThread [stack: 0x00000000119e0000,0x0000000011ae0000] [id=5544]

VM state:at safepoint (normal execution)

VM Mutex/Monitor currently owned by a thread:  ([mutex/lock_event])
[0x00000000007bd090] Threads_lock - owner thread: 0x0000000014747800
[0x0000000000651b50] Heap_lock - owner thread: 0x0000000016921000

Heap:
 PSYoungGen      total 319488K, used 159759K [0x00000000eab00000, 0x00000000ffa80000, 0x0000000100000000)
  eden space 297472K, 53% used [0x00000000eab00000,0x00000000f4703cb0,0x00000000fcd80000)
  from space 22016K, 0% used [0x00000000fe500000,0x00000000fe500000,0x00000000ffa80000)
  to   space 23040K, 28% used [0x00000000fcd80000,0x00000000fd3d4118,0x00000000fe400000)
 ParOldGen       total 699392K, used 46975K [0x00000000c0000000, 0x00000000eab00000, 0x00000000eab00000)
  object space 699392K, 6% used [0x00000000c0000000,0x00000000c2ddffd8,0x00000000eab00000)
 Metaspace       used 45856K, capacity 48194K, committed 48424K, reserved 1091584K
  class space    used 6343K, capacity 7161K, committed 7208K, reserved 1048576K

Card table byte_map: [0x00000000115d0000,0x00000000117e0000] byte_map_base: 0x0000000010fd0000

Marking Bits: (ParMarkBitMap*) 0x00000000551b4040
 Begin Bits: [0x0000000011be0000, 0x0000000012be0000)
 End Bits:   [0x0000000012be0000, 0x0000000013be0000)

Polling page: 0x0000000000440000

CodeCache: size=245760Kb used=21730Kb max_used=21737Kb free=224029Kb
 bounds [0x0000000002210000, 0x0000000003770000, 0x0000000011210000]
 total_blobs=6353 nmethods=5674 adapters=591
 compilation: enabled

Compilation events (10 events):
Event: 102.166 Thread 0x000000001477f000 6656       4       org.gradle.api.internal.file.pattern.PatternMatcherFactory::compile (121 bytes)
Event: 102.168 Thread 0x0000000014782000 6657       4       java.util.regex.Pattern::sequence (553 bytes)
Event: 102.195 Thread 0x0000000014788800 6659       3       org.gradle.api.specs.CompositeSpec::<init> (56 bytes)
Event: 102.196 Thread 0x0000000014788800 nmethod 6659 0x000000000375d310 code [0x000000000375d500, 0x000000000375dd78]
Event: 102.196 Thread 0x0000000014788800 6660       3       org.gradle.api.internal.file.pattern.RegExpPatternStep::getRegExPattern (98 bytes)
Event: 102.198 Thread 0x0000000014788800 nmethod 6660 0x000000000375f450 code [0x000000000375f700, 0x0000000003760cf8]
Event: 102.204 Thread 0x0000000014782000 nmethod 6657 0x0000000003763a10 code [0x0000000003763c40, 0x0000000003764680]
Event: 102.204 Thread 0x0000000014782000 6658       4       java.util.regex.Pattern::atom (379 bytes)
Event: 102.256 Thread 0x0000000014782000 nmethod 6658 0x0000000003765010 code [0x00000000037654a0, 0x0000000003766370]
Event: 102.256 Thread 0x0000000014782000 6661       4       java.io.File::isFile (43 bytes)

GC Heap History (10 events):
Event: 48.521 GC heap after
Heap after GC invocations=11 (full 1):
 PSYoungGen      total 236032K, used 14294K [0x00000000eab00000, 0x00000000fa700000, 0x0000000100000000)
  eden space 221184K, 0% used [0x00000000eab00000,0x00000000eab00000,0x00000000f8300000)
  from space 14848K, 96% used [0x00000000f9380000,0x00000000fa175800,0x00000000fa200000)
  to   space 16896K, 0% used [0x00000000f8300000,0x00000000f8300000,0x00000000f9380000)
 ParOldGen       total 55808K, used 14475K [0x00000000c0000000, 0x00000000c3680000, 0x00000000eab00000)
  object space 55808K, 25% used [0x00000000c0000000,0x00000000c0e22d68,0x00000000c3680000)
 Metaspace       used 34369K, capacity 35448K, committed 35496K, reserved 1079296K
  class space    used 4607K, capacity 5031K, committed 5032K, reserved 1048576K
}
Event: 48.521 GC heap before
{Heap before GC invocations=12 (full 2):
 PSYoungGen      total 236032K, used 14294K [0x00000000eab00000, 0x00000000fa700000, 0x0000000100000000)
  eden space 221184K, 0% used [0x00000000eab00000,0x00000000eab00000,0x00000000f8300000)
  from space 14848K, 96% used [0x00000000f9380000,0x00000000fa175800,0x00000000fa200000)
  to   space 16896K, 0% used [0x00000000f8300000,0x00000000f8300000,0x00000000f9380000)
 ParOldGen       total 55808K, used 14475K [0x00000000c0000000, 0x00000000c3680000, 0x00000000eab00000)
  object space 55808K, 25% used [0x00000000c0000000,0x00000000c0e22d68,0x00000000c3680000)
 Metaspace       used 34369K, capacity 35448K, committed 35496K, reserved 1079296K
  class space    used 4607K, capacity 5031K, committed 5032K, reserved 1048576K
Event: 48.825 GC heap after
Heap after GC invocations=12 (full 2):
 PSYoungGen      total 236032K, used 0K [0x00000000eab00000, 0x00000000fa700000, 0x0000000100000000)
  eden space 221184K, 0% used [0x00000000eab00000,0x00000000eab00000,0x00000000f8300000)
  from space 14848K, 0% used [0x00000000f9380000,0x00000000f9380000,0x00000000fa200000)
  to   space 16896K, 0% used [0x00000000f8300000,0x00000000f8300000,0x00000000f9380000)
 ParOldGen       total 85504K, used 22703K [0x00000000c0000000, 0x00000000c5380000, 0x00000000eab00000)
  object space 85504K, 26% used [0x00000000c0000000,0x00000000c162bee8,0x00000000c5380000)
 Metaspace       used 34335K, capacity 35334K, committed 35496K, reserved 1079296K
  class space    used 4601K, capacity 4997K, committed 5032K, reserved 1048576K
}
Event: 71.375 GC heap before
{Heap before GC invocations=13 (full 2):
 PSYoungGen      total 236032K, used 221184K [0x00000000eab00000, 0x00000000fa700000, 0x0000000100000000)
  eden space 221184K, 100% used [0x00000000eab00000,0x00000000f8300000,0x00000000f8300000)
  from space 14848K, 0% used [0x00000000f9380000,0x00000000f9380000,0x00000000fa200000)
  to   space 16896K, 0% used [0x00000000f8300000,0x00000000f8300000,0x00000000f9380000)
 ParOldGen       total 85504K, used 22703K [0x00000000c0000000, 0x00000000c5380000, 0x00000000eab00000)
  object space 85504K, 26% used [0x00000000c0000000,0x00000000c162bee8,0x00000000c5380000)
 Metaspace       used 41849K, capacity 43450K, committed 43560K, reserved 1087488K
  class space    used 5766K, capacity 6437K, committed 6440K, reserved 1048576K
Event: 71.459 GC heap after
Heap after GC invocations=13 (full 2):
 PSYoungGen      total 238080K, used 16879K [0x00000000eab00000, 0x00000000ffc80000, 0x0000000100000000)
  eden space 221184K, 0% used [0x00000000eab00000,0x00000000eab00000,0x00000000f8300000)
  from space 16896K, 99% used [0x00000000f8300000,0x00000000f937bf60,0x00000000f9380000)
  to   space 24064K, 0% used [0x00000000fe500000,0x00000000fe500000,0x00000000ffc80000)
 ParOldGen       total 85504K, used 33819K [0x00000000c0000000, 0x00000000c5380000, 0x00000000eab00000)
  object space 85504K, 39% used [0x00000000c0000000,0x00000000c2106ca0,0x00000000c5380000)
 Metaspace       used 41849K, capacity 43450K, committed 43560K, reserved 1087488K
  class space    used 5766K, capacity 6437K, committed 6440K, reserved 1048576K
}
Event: 76.035 GC heap before
{Heap before GC invocations=14 (full 2):
 PSYoungGen      total 238080K, used 62564K [0x00000000eab00000, 0x00000000ffc80000, 0x0000000100000000)
  eden space 221184K, 20% used [0x00000000eab00000,0x00000000ed79d3a0,0x00000000f8300000)
  from space 16896K, 99% used [0x00000000f8300000,0x00000000f937bf60,0x00000000f9380000)
  to   space 24064K, 0% used [0x00000000fe500000,0x00000000fe500000,0x00000000ffc80000)
 ParOldGen       total 85504K, used 33819K [0x00000000c0000000, 0x00000000c5380000, 0x00000000eab00000)
  object space 85504K, 39% used [0x00000000c0000000,0x00000000c2106ca0,0x00000000c5380000)
 Metaspace       used 43483K, capacity 45476K, committed 45736K, reserved 1087488K
  class space    used 6019K, capacity 6760K, committed 6824K, reserved 1048576K
Event: 76.132 GC heap after
Heap after GC invocations=14 (full 2):
 PSYoungGen      total 319488K, used 4176K [0x00000000eab00000, 0x00000000ffa80000, 0x0000000100000000)
  eden space 297472K, 0% used [0x00000000eab00000,0x00000000eab00000,0x00000000fcd80000)
  from space 22016K, 18% used [0x00000000fe500000,0x00000000fe914138,0x00000000ffa80000)
  to   space 23040K, 0% used [0x00000000fcd80000,0x00000000fcd80000,0x00000000fe400000)
 ParOldGen       total 85504K, used 50687K [0x00000000c0000000, 0x00000000c5380000, 0x00000000eab00000)
  object space 85504K, 59% used [0x00000000c0000000,0x00000000c317fe48,0x00000000c5380000)
 Metaspace       used 43483K, capacity 45476K, committed 45736K, reserved 1087488K
  class space    used 6019K, capacity 6760K, committed 6824K, reserved 1048576K
}
Event: 76.132 GC heap before
{Heap before GC invocations=15 (full 3):
 PSYoungGen      total 319488K, used 4176K [0x00000000eab00000, 0x00000000ffa80000, 0x0000000100000000)
  eden space 297472K, 0% used [0x00000000eab00000,0x00000000eab00000,0x00000000fcd80000)
  from space 22016K, 18% used [0x00000000fe500000,0x00000000fe914138,0x00000000ffa80000)
  to   space 23040K, 0% used [0x00000000fcd80000,0x00000000fcd80000,0x00000000fe400000)
 ParOldGen       total 85504K, used 50687K [0x00000000c0000000, 0x00000000c5380000, 0x00000000eab00000)
  object space 85504K, 59% used [0x00000000c0000000,0x00000000c317fe48,0x00000000c5380000)
 Metaspace       used 43483K, capacity 45476K, committed 45736K, reserved 1087488K
  class space    used 6019K, capacity 6760K, committed 6824K, reserved 1048576K
Event: 76.846 GC heap after
Heap after GC invocations=15 (full 3):
 PSYoungGen      total 319488K, used 0K [0x00000000eab00000, 0x00000000ffa80000, 0x0000000100000000)
  eden space 297472K, 0% used [0x00000000eab00000,0x00000000eab00000,0x00000000fcd80000)
  from space 22016K, 0% used [0x00000000fe500000,0x00000000fe500000,0x00000000ffa80000)
  to   space 23040K, 0% used [0x00000000fcd80000,0x00000000fcd80000,0x00000000fe400000)
 ParOldGen       total 85504K, used 46959K [0x00000000c0000000, 0x00000000c5380000, 0x00000000eab00000)
  object space 85504K, 54% used [0x00000000c0000000,0x00000000c2ddbfd8,0x00000000c5380000)
 Metaspace       used 43483K, capacity 45476K, committed 45736K, reserved 1087488K
  class space    used 6019K, capacity 6760K, committed 6824K, reserved 1048576K
}
Event: 102.258 GC heap before
{Heap before GC invocations=16 (full 3):
 PSYoungGen      total 319488K, used 159759K [0x00000000eab00000, 0x00000000ffa80000, 0x0000000100000000)
  eden space 297472K, 53% used [0x00000000eab00000,0x00000000f4703cb0,0x00000000fcd80000)
  from space 22016K, 0% used [0x00000000fe500000,0x00000000fe500000,0x00000000ffa80000)
  to   space 23040K, 0% used [0x00000000fcd80000,0x00000000fcd80000,0x00000000fe400000)
 ParOldGen       total 699392K, used 46959K [0x00000000c0000000, 0x00000000eab00000, 0x00000000eab00000)
  object space 699392K, 6% used [0x00000000c0000000,0x00000000c2ddbfd8,0x00000000eab00000)
 Metaspace       used 45856K, capacity 48194K, committed 48424K, reserved 1091584K
  class space    used 6343K, capacity 7161K, committed 7208K, reserved 1048576K

Deoptimization events (10 events):
Event: 100.453 Thread 0x0000000016921000 Uncommon trap: reason=unstable_if action=reinterpret pc=0x0000000002e87468 method=com.sun.org.apache.xerces.internal.parsers.AbstractDOMParser.startElement(Lcom/sun/org/apache/xerces/internal/xni/QName;Lcom/sun/org/apache/xerces/internal/xni/XMLAttributes;ÈMŽüY@
Event: 100.453 Thread 0x0000000016921000 Uncommon trap: reason=unstable_if action=reinterpret pc=0x000000000314dc18 method=com.sun.org.apache.xerces.internal.utils.XMLLimitAnalyzer.isTracking(Ljava/lang/String;)Z @ 4
Event: 100.453 Thread 0x0000000016921000 Uncommon trap: reason=unstable_if action=reinterpret pc=0x0000000002d83f1c method=com.sun.org.apache.xerces.internal.utils.XMLLimitAnalyzer.isTracking(Ljava/lang/String;)Z @ 4
Event: 100.454 Thread 0x0000000016921000 Uncommon trap: reason=class_check action=maybe_recompile pc=0x0000000002dc2df4 method=com.sun.org.apache.xerces.internal.impl.XMLDocumentFragmentScannerImpl.scanEndElement()I @ 142
Event: 100.454 Thread 0x0000000016921000 Uncommon trap: reason=class_check action=maybe_recompile pc=0x0000000002dc2df4 method=com.sun.org.apache.xerces.internal.impl.XMLDocumentFragmentScannerImpl.scanEndElement()I @ 142
Event: 100.454 Thread 0x0000000016921000 Uncommon trap: reason=class_check action=maybe_recompile pc=0x0000000002dc2df4 method=com.sun.org.apache.xerces.internal.impl.XMLDocumentFragmentScannerImpl.scanEndElement()I @ 142
Event: 100.454 Thread 0x0000000016921000 Uncommon trap: reason=class_check action=maybe_recompile pc=0x0000000002dc2df4 method=com.sun.org.apache.xerces.internal.impl.XMLDocumentFragmentScannerImpl.scanEndElement()I @ 142
Event: 100.662 Thread 0x0000000016921000 Uncommon trap: reason=unstable_if action=reinterpret pc=0x0000000002d2e9d0 method=com.sun.org.apache.xerces.internal.dom.DeferredDocumentImpl.getNodeObject(I)Lcom/sun/org/apache/xerces/internal/dom/DeferredNode; @ 252
Event: 100.688 Thread 0x0000000016921000 Uncommon trap: reason=null_check action=make_not_entrant pc=0x00000000032e08c0 method=com.sun.org.apache.xerces.internal.dom.ElementImpl.getDefaultAttributes()Lcom/sun/org/apache/xerces/internal/dom/NamedNodeMapImpl; @ 7
Event: 100.692 Thread 0x0000000016921000 Uncommon trap: reason=unstable_if action=reinterpret pc=0x0000000002d3ad3c method=com.sun.org.apache.xerces.internal.dom.DeferredDocumentImpl.getPrevSibling(IZ)I @ 2

Internal exceptions (10 events):
Event: 97.304 Thread 0x0000000016921000 Exception <a 'java/lang/ClassNotFoundException': java/lang/LongCustomizer> (0x00000000f142d690) thrown at [C:\re\workspace\8-2-build-windows-amd64-cygwin\jdk8u45\3627\hotspot\src\share\vm\classfile\systemDictionary.cpp, line 210]
Event: 97.330 Thread 0x0000000016921000 Exception <a 'java/lang/ClassNotFoundException': com/android/builder/profile/ExecutionRecordBeanInfo> (0x00000000f14613d8) thrown at [C:\re\workspace\8-2-build-windows-amd64-cygwin\jdk8u45\3627\hotspot\src\share\vm\classfile\systemDictionary.cpp, line 210]QŸ’jUX@
Event: 97.335 Thread 0x0000000016921000 Exception <a 'java/lang/ClassNotFoundException': com/android/builder/profile/ExecutionRecordCustomizer> (0x00000000f146e578) thrown at [C:\re\workspace\8-2-build-windows-amd64-cygwin\jdk8u45\3627\hotspot\src\share\vm\classfile\systemDictionary.cpp, line 21†f!|kY@
Event: 100.288 Thread 0x0000000016921000 Exception <a 'java/lang/ClassNotFoundException': com/android/sdklib/BuildToolInfoBeanInfo> (0x00000000f2ffba30) thrown at [C:\re\workspace\8-2-build-windows-amd64-cygwin\jdk8u45\3627\hotspot\src\share\vm\classfile\systemDictionary.cpp, line 210]
Event: 100.288 Thread 0x0000000016921000 Exception <a 'java/lang/ClassNotFoundException': com/android/sdklib/BuildToolInfoCustomizer> (0x00000000f3006760) thrown at [C:\re\workspace\8-2-build-windows-amd64-cygwin\jdk8u45\3627\hotspot\src\share\vm\classfile\systemDictionary.cpp, line 210]
Event: 100.317 Thread 0x0000000016921000 Exception <a 'java/lang/ClassNotFoundException': com/android/build/gradle/internal/core/MergedNdkConfigBeanInfo> (0x00000000f30a70c0) thrown at [C:\re\workspace\8-2-build-windows-amd64-cygwin\jdk8u45\3627\hotspot\src\share\vm\classfile\systemDictionary.cppCï™ÓNY@
Event: 100.317 Thread 0x0000000016921000 Exception <a 'java/lang/ClassNotFoundException': com/android/build/gradle/internal/core/MergedNdkConfigCustomizer> (0x00000000f30b5460) thrown at [C:\re\workspace\8-2-build-windows-amd64-cygwin\jdk8u45\3627\hotspot\src\share\vm\classfile\systemDictionary.c†Ð‰DüY@
Event: 100.453 Thread 0x0000000016921000 Implicit null exception at 0x000000000314f1e4 to 0x000000000314dbf5
Event: 100.453 Thread 0x0000000016921000 Implicit null exception at 0x0000000002d83de1 to 0x0000000002d83efd
Event: 100.688 Thread 0x0000000016921000 Implicit null exception at 0x00000000032dfd2d to 0x00000000032e08b1

Events (10 events):
Event: 100.693 loading class com/sun/org/apache/xml/internal/utils/XMLString
Event: 100.699 loading class com/sun/org/apache/xml/internal/utils/XMLString done
Event: 100.700 loading class com/sun/org/apache/xpath/internal/objects/XString done
Event: 100.700 loading class com/google/common/base/Optional
Event: 100.700 loading class com/google/common/base/Optional done
Event: 100.701 loading class com/google/common/base/Present
Event: 100.701 loading class com/google/common/base/Present done
Event: 100.752 loading class org/gradle/cache/internal/DefaultMultiProcessSafePersistentIndexedCache$3
Event: 100.752 loading class org/gradle/cache/internal/DefaultMultiProcessSafePersistentIndexedCache$3 done
Event: 102.258 Executing VM operation: ParallelGCFailedAllocation


Dynamic libraries:
0x00007ff76f420000 - 0x00007ff76f457000 	C:\Program Files\Java\jdk1.8.0_45\bin\java.exe
0x00007ffa082a0000 - 0x00007ffa08461000 	C:\WINDOWS\SYSTEM32\ntdll.dll
0x00007ffa05a50000 - 0x00007ffa05afd000 	C:\WINDOWS\system32\KERNEL32.DLL
0x00007ffa051c0000 - 0x00007ffa053a8000 	C:\WINDOWS\system32\KERNELBASE.dll
0x00007ffa06140000 - 0x00007ffa061e7000 	C:\WINDOWS\system32\ADVAPI32.dll
0x00007ffa065d0000 - 0x00007ffa0666d000 	C:\WINDOWS\system32\msvcrt.dll
0x00007ffa061f0000 - 0x00007ffa0624b000 	C:\WINDOWS\system32\sechost.dll
0x00007ffa08150000 - 0x00007ffa0826c000 	C:\WINDOWS\system32\RPCRT4.dll
0x00007ffa057e0000 - 0x00007ffa05936000 	C:\WINDOWS\system32\USER32.dll
0x00007ffa05b00000 - 0x00007ffa05c86000 	C:\WINDOWS\system32\GDI32.dll
0x00007ff9fb760000 - 0x00007ff9fb9d4000 	C:\WINDOWS\WinSxS\amd64_microsoft.windows.common-controls_6595b64144ccf1df_6.0.10586.0_none_8c15ae12515e1c22\COMCTL32.dll
0x00007ffa05cf0000 - 0x00007ffa05f6d000 	C:\WINDOWS\system32\combase.dll
0x00007ffa05580000 - 0x00007ffa055ea000 	C:\WINDOWS\system32\bcryptPrimitives.dll
0x00007ffa05a10000 - 0x00007ffa05a4b000 	C:\WINDOWS\system32\IMM32.DLL
0x00007ff9f1a60000 - 0x00007ff9f1af1000 	C:\Program Files (x86)\AVG\AVG2015\avghooka.dll
0x0000000055240000 - 0x0000000055312000 	C:\Program Files\Java\jdk1.8.0_45\jre\bin\msvcr100.dll
0x00000000549b0000 - 0x0000000055233000 	C:\Program Files\Java\jdk1.8.0_45\jre\bin\server\jvm.dll
0x00007ffa06130000 - 0x00007ffa06138000 	C:\WINDOWS\system32\PSAPI.DLL
0x00007ff9fca20000 - 0x00007ff9fca29000 	C:\WINDOWS\SYSTEM32\WSOCK32.dll
0x00007ffa056a0000 - 0x00007ffa0570b000 	C:\WINDOWS\system32\WS2_32.dll
0x00007ffa02f90000 - 0x00007ffa02fb3000 	C:\WINDOWS\SYSTEM32\WINMM.dll
0x00007ff9fc6f0000 - 0x00007ff9fc6fa000 	C:\WINDOWS\SYSTEM32\VERSION.dll
0x00007ffa02ef0000 - 0x00007ffa02f1c000 	C:\WINDOWS\SYSTEM32\WINMMBASE.dll
0x00007ffa05150000 - 0x00007ffa05193000 	C:\WINDOWS\system32\cfgmgr32.dll
0x00000000549a0000 - 0x00000000549af000 	C:\Program Files\Java\jdk1.8.0_45\jre\bin\verify.dll
0x0000000054970000 - 0x0000000054999000 	C:\Program Files\Java\jdk1.8.0_45\jre\bin\java.dll
0x0000000054950000 - 0x0000000054966000 	C:\Program Files\Java\jdk1.8.0_45\jre\bin\zip.dll
0x00007ffa06bf0000 - 0x00007ffa0814f000 	C:\WINDOWS\system32\SHELL32.dll
0x00007ffa04950000 - 0x00007ffa04f94000 	C:\WINDOWS\system32\windows.storage.dll
0x00007ffa05c90000 - 0x00007ffa05ce2000 	C:\WINDOWS\system32\shlwapi.dll
0x00007ffa04910000 - 0x00007ffa0491f000 	C:\WINDOWS\system32\kernel.appcore.dll
0x00007ffa05090000 - 0x00007ffa05145000 	C:\WINDOWS\system32\shcore.dll
0x00007ffa048c0000 - 0x00007ffa0490b000 	C:\WINDOWS\system32\powrprof.dll
0x00007ffa04930000 - 0x00007ffa04944000 	C:\WINDOWS\system32\profapi.dll
0x0000000054930000 - 0x000000005494a000 	C:\Program Files\Java\jdk1.8.0_45\jre\bin\net.dll
0x00007ffa04190000 - 0x00007ffa041ec000 	C:\WINDOWS\system32\mswsock.dll
0x0000000054910000 - 0x0000000054921000 	C:\Program Files\Java\jdk1.8.0_45\jre\bin\nio.dll
0x00007ff9e1900000 - 0x00007ff9e1912000 	C:\Users\ALDI\.gradle\native\19\windows-amd64\native-platform.dll
0x00007ffa011e0000 - 0x00007ffa01218000 	C:\WINDOWS\SYSTEM32\IPHLPAPI.DLL
0x00007ffa065c0000 - 0x00007ffa065c8000 	C:\WINDOWS\system32\NSI.dll
0x00007ff9ffde0000 - 0x00007ff9ffdf6000 	C:\WINDOWS\SYSTEM32\dhcpcsvc6.DLL
0x00007ffa005f0000 - 0x00007ffa0060a000 	C:\WINDOWS\SYSTEM32\dhcpcsvc.DLL
0x00007ffa04240000 - 0x00007ffa04257000 	C:\WINDOWS\SYSTEM32\CRYPTSP.dll
0x00007ffa03ed0000 - 0x00007ffa03f04000 	C:\WINDOWS\system32\rsaenh.dll
0x00007ffa04800000 - 0x00007ffa04829000 	C:\WINDOWS\SYSTEM32\bcrypt.dll
0x00007ffa04020000 - 0x00007ffa0403f000 	C:\WINDOWS\SYSTEM32\USERENV.dll
0x00007ffa04360000 - 0x00007ffa0436b000 	C:\WINDOWS\SYSTEM32\CRYPTBASE.dll
0x0000000054900000 - 0x000000005490d000 	C:\Program Files\Java\jdk1.8.0_45\jre\bin\management.dll
0x00007ff9d7bf0000 - 0x00007ff9d7d7c000 	C:\WINDOWS\SYSTEM32\dbghelp.dll

VM Arguments:
jvm_args: -XX:MaxPermSize=256m -XX:+HeapDumpOnOutOfMemoryError -Xmx1024m -Dfile.encoding=windows-1252 -Duser.country=US -Duser.language=en -Duser.variant 
java_command: org.gradle.launcher.daemon.bootstrap.GradleDaemon 2.4 C:\Users\ALDI\.gradle C:\Users\ALDI\.gradle\daemon 10800000 e1188c3c-822e-4209-8cae-9a69ae4a6922 -XX:MaxPermSize=256m -XX:+HeapDumpOnOutOfMemoryError -Xmx1024m -Dfile.encoding=windows-1252 -Duser.country=US -Duser.language=en -Duser.variant
java_class_path (initial): C:\Users\ALDI\.gradle\wrapper\dists\gradle-2.4-all\6r4uqcc6ovnq6ac6s0txzcpc0\gradle-2.4\lib\gradle-launcher-2.4.jar
Launcher Type: SUN_STANDARD

Environment Variables:
PATH=C:\ProgramData\Oracle\Java\javapath;C:\Program Files\Java\jdk1.8.0_45\bin;C:\WINDOWS\system32;C:\WINDOWS;C:\WINDOWS\System32\Wbem;C:\WINDOWS\System32\WindowsPowerShell\v1.0\;C:\Program Files (x86)\ATI Technologies\ATI.ACE\Core-Static;C:\Program Files (x86)\MySQL\MySQL Fabric 1.5.3 & MySQL Utilities 1.5.3 1.5\;C:\Program Files (x86)\MySQL\MySQL Fabric 1.5.3 & MySQL Utilities 1.5.3 1.5\Doctrine extensions for PHP\;C:\Program Files (x86)\Skype\Phone\;C:\Program Files (x86)\AMD\ATI.ACE\Core-Static;C:\Program Files\Git\cmd;C:\Users\ALDI\AppData\Local\Android\sdk\platform-tools;C:\Users\ALDI\AppData\Local\Android\sdk\tools;C:\WINDOWS\system32\config\systemprofile\.dnx\bin;C:\Program Files\Microsoft DNX\Dnvm\;C:\Program Files (x86)\MATLAB\R2008b\bin;C:\Program Files (x86)\MATLAB\R2008b\bin\win32
USERNAME=ALDI
OS=Windows_NT
PROCESSOR_IDENTIFIER=AMD64 Family 21 Model 19 Stepping 1, AuthenticAMD



---------------  S Y S T E M  ---------------

OS: Windows 10.0 , 64 bit Build 10586 (10.0.10586.0)

CPU:total 4 (4 cores per cpu, 1 threads per core) family 21 model 19 stepping 1, cmov, cx8, fxsr, mmx, sse, sse2, sse3, ssse3, sse4.1, sse4.2, popcnt, avx, aes, clmul, mmxext, 3dnowpref, lzcnt, sse4a, tsc, tscinvbit, tscinv, bmi1

Memory: 4k page, physical 7543056k(3421448k free), swap 8722704k(3516264k free)

vm_info: Java HotSpot(TM) 64-Bit Server VM (25.45-b02) for windows-amd64 JRE (1.8.0_45-b15), built on Apr 30 2015 12:40:44 by "java_re" with MS VC++ 10.0 (VS2010)

time: Fri Dec 04 07:18:50 2015
elapsed time: 102 seconds (0d 0h 1m 42s)

